GPU num:  1
Whether mix:  True
Mix layers sets:  [7, 9, 12]
#Labeled: 100, Unlabeled 50000, Val 20000, Test 29999
epoch 0, step 0, loss 2.27897572517395, Lx 2.271420478820801, Lu 0.08888956904411316, Lu2 1.5992234945297241
Sample some true labeles and predicted labels
tensor([3, 7, 3, 8, 4, 4, 4, 6, 2, 4, 9, 9, 8, 2, 9, 8, 5, 7, 5, 3],
       device='cuda:0')
tensor([3, 7, 9, 8, 4, 4, 4, 6, 7, 4, 3, 9, 8, 2, 9, 0, 7, 8, 5, 8],
       device='cuda:0')
epoch 0, val acc 0.6003, val_loss 1.3461384830474854
Sample some true labeles and predicted labels
tensor([3, 1, 1, 3, 2, 3, 4, 1, 1, 0, 0, 1, 7, 4, 4, 9, 7, 3, 6, 0],
       device='cuda:0')
tensor([8, 1, 3, 3, 2, 2, 4, 2, 3, 7, 1, 1, 7, 8, 6, 9, 7, 3, 9, 8],
       device='cuda:0')
epoch 0, test acc 0.5638854628487616,test loss 1.4747841509665134
Epoch:  0
Best acc:
0.6003
Test acc:
[0.5638854628487616]
epoch 1, step 0, loss 1.8197954893112183, Lx 1.2925657033920288, Lu 0.284201443195343, Lu2 0.9467849135398865
Sample some true labeles and predicted labels
tensor([3, 7, 9, 8, 9, 4, 4, 6, 2, 4, 9, 9, 8, 2, 9, 9, 7, 7, 5, 9],
       device='cuda:0')
tensor([3, 7, 9, 8, 4, 4, 4, 6, 7, 4, 3, 9, 8, 2, 9, 0, 7, 8, 5, 8],
       device='cuda:0')
epoch 1, val acc 0.6292, val_loss 1.2693697004318236
Sample some true labeles and predicted labels
tensor([8, 1, 1, 3, 2, 3, 7, 6, 1, 7, 0, 1, 7, 8, 4, 6, 7, 3, 6, 8],
       device='cuda:0')
tensor([8, 1, 3, 3, 2, 2, 4, 2, 3, 7, 1, 1, 7, 8, 6, 9, 7, 3, 9, 8],
       device='cuda:0')
epoch 1, test acc 0.5901863395446515,test loss 1.4088989470083637
Epoch:  1
Best acc:
0.6292
Test acc:
[0.5638854628487616, 0.5901863395446515]
epoch 2, step 0, loss 1.0449459552764893, Lx 0.5963557958602905, Lu 0.5216280221939087, Lu2 0.5334967374801636
Sample some true labeles and predicted labels
tensor([6, 7, 8, 8, 4, 4, 1, 6, 2, 4, 9, 9, 0, 2, 9, 8, 7, 7, 5, 0],
       device='cuda:0')
tensor([3, 7, 9, 8, 4, 4, 4, 6, 7, 4, 3, 9, 8, 2, 9, 0, 7, 8, 5, 8],
       device='cuda:0')
epoch 2, val acc 0.6343, val_loss 1.2466613215446471
Sample some true labeles and predicted labels
tensor([8, 1, 1, 3, 2, 8, 4, 6, 2, 7, 0, 1, 7, 8, 1, 9, 7, 3, 6, 8],
       device='cuda:0')
tensor([8, 1, 3, 3, 2, 2, 4, 2, 3, 7, 1, 1, 7, 8, 6, 9, 7, 3, 9, 8],
       device='cuda:0')
epoch 2, test acc 0.5984532817760592,test loss 1.4175013165826968
Epoch:  2
Best acc:
0.6343
Test acc:
[0.5638854628487616, 0.5901863395446515, 0.5984532817760592]
epoch 3, step 0, loss 1.4428991079330444, Lx 1.0223662853240967, Lu 0.20503661036491394, Lu2 0.5253991484642029
Sample some true labeles and predicted labels
tensor([6, 7, 9, 8, 4, 4, 4, 6, 2, 4, 9, 6, 8, 4, 9, 8, 7, 7, 5, 0],
       device='cuda:0')
tensor([3, 7, 9, 8, 4, 4, 4, 6, 7, 4, 3, 9, 8, 2, 9, 0, 7, 8, 5, 8],
       device='cuda:0')
epoch 3, val acc 0.6483, val_loss 1.241999232006073
Sample some true labeles and predicted labels
tensor([8, 1, 1, 3, 2, 2, 4, 6, 1, 7, 0, 1, 5, 4, 4, 6, 7, 3, 6, 8],
       device='cuda:0')
tensor([8, 1, 3, 3, 2, 2, 4, 2, 3, 7, 1, 1, 7, 8, 6, 9, 7, 3, 9, 8],
       device='cuda:0')
epoch 3, test acc 0.6051201706723558,test loss 1.4298084429166424
Epoch:  3
Best acc:
0.6483
Test acc:
[0.5638854628487616, 0.5901863395446515, 0.5984532817760592, 0.6051201706723558]
epoch 4, step 0, loss 0.17232157289981842, Lx 0.03622210770845413, Lu 0.22687183320522308, Lu2 0.5459784865379333
Sample some true labeles and predicted labels
tensor([6, 7, 9, 8, 4, 4, 4, 6, 2, 4, 9, 6, 8, 2, 9, 8, 7, 7, 5, 0],
       device='cuda:0')
tensor([3, 7, 9, 8, 4, 4, 4, 6, 7, 4, 3, 9, 8, 2, 9, 0, 7, 8, 5, 8],
       device='cuda:0')
epoch 4, val acc 0.65635, val_loss 1.2209704964637755
Sample some true labeles and predicted labels
tensor([8, 1, 1, 3, 2, 8, 4, 6, 2, 7, 8, 1, 7, 4, 4, 6, 7, 3, 6, 8],
       device='cuda:0')
tensor([8, 1, 3, 3, 2, 2, 4, 2, 3, 7, 1, 1, 7, 8, 6, 9, 7, 3, 9, 8],
       device='cuda:0')
epoch 4, test acc 0.6148204940164672,test loss 1.4038067670411922
Epoch:  4
Best acc:
0.65635
Test acc:
[0.5638854628487616, 0.5901863395446515, 0.5984532817760592, 0.6051201706723558, 0.6148204940164672]
epoch 5, step 0, loss 1.1174699068069458, Lx 0.9249146580696106, Lu 0.6448357105255127, Lu2 0.4472655653953552
Sample some true labeles and predicted labels
tensor([6, 7, 9, 8, 4, 4, 4, 6, 2, 4, 9, 6, 0, 4, 9, 9, 7, 7, 5, 0],
       device='cuda:0')
tensor([3, 7, 9, 8, 4, 4, 4, 6, 7, 4, 3, 9, 8, 2, 9, 0, 7, 8, 5, 8],
       device='cuda:0')
epoch 5, val acc 0.6523, val_loss 1.2746237859725953
Epoch:  5
Best acc:
0.65635
Test acc:
[0.5638854628487616, 0.5901863395446515, 0.5984532817760592, 0.6051201706723558, 0.6148204940164672]
epoch 6, step 0, loss 0.8649747371673584, Lx 0.7861025333404541, Lu 0.20675575733184814, Lu2 0.639636754989624
Sample some true labeles and predicted labels
tensor([6, 7, 9, 8, 9, 4, 4, 6, 6, 4, 9, 6, 8, 2, 9, 8, 7, 7, 5, 0],
       device='cuda:0')
tensor([3, 7, 9, 8, 4, 4, 4, 6, 7, 4, 3, 9, 8, 2, 9, 0, 7, 8, 5, 8],
       device='cuda:0')
epoch 6, val acc 0.65985, val_loss 1.2731341666221618
Sample some true labeles and predicted labels
tensor([8, 1, 1, 3, 2, 8, 4, 6, 1, 7, 8, 1, 7, 8, 1, 6, 7, 3, 6, 8],
       device='cuda:0')
tensor([8, 1, 3, 3, 2, 2, 4, 2, 3, 7, 1, 1, 7, 8, 6, 9, 7, 3, 9, 8],
       device='cuda:0')
epoch 6, test acc 0.6205206840228008,test loss 1.4793329787431564
Epoch:  6
Best acc:
0.65985
Test acc:
[0.5638854628487616, 0.5901863395446515, 0.5984532817760592, 0.6051201706723558, 0.6148204940164672, 0.6205206840228008]
epoch 7, step 0, loss 1.2861875295639038, Lx 1.0871577262878418, Lu 0.5378768444061279, Lu2 0.5015068650245667
Sample some true labeles and predicted labels
tensor([6, 7, 9, 8, 9, 4, 4, 6, 2, 4, 9, 6, 8, 2, 9, 8, 7, 7, 5, 9],
       device='cuda:0')
tensor([3, 7, 9, 8, 4, 4, 4, 6, 7, 4, 3, 9, 8, 2, 9, 0, 7, 8, 5, 8],
       device='cuda:0')
epoch 7, val acc 0.66015, val_loss 1.2808586074829102
Sample some true labeles and predicted labels
tensor([8, 1, 1, 3, 2, 8, 4, 6, 1, 7, 0, 1, 7, 4, 4, 6, 7, 3, 6, 8],
       device='cuda:0')
tensor([8, 1, 3, 3, 2, 2, 4, 2, 3, 7, 1, 1, 7, 8, 6, 9, 7, 3, 9, 8],
       device='cuda:0')
epoch 7, test acc 0.6198206606886896,test loss 1.500094615017129
Epoch:  7
Best acc:
0.66015
Test acc:
[0.5638854628487616, 0.5901863395446515, 0.5984532817760592, 0.6051201706723558, 0.6148204940164672, 0.6205206840228008, 0.6198206606886896]
epoch 8, step 0, loss 1.2194795608520508, Lx 0.9663528203964233, Lu 0.5613467693328857, Lu2 0.5486141443252563
Sample some true labeles and predicted labels
tensor([6, 7, 9, 8, 4, 4, 4, 6, 6, 4, 9, 6, 0, 4, 9, 8, 7, 8, 5, 0],
       device='cuda:0')
tensor([3, 7, 9, 8, 4, 4, 4, 6, 7, 4, 3, 9, 8, 2, 9, 0, 7, 8, 5, 8],
       device='cuda:0')
epoch 8, val acc 0.6549, val_loss 1.2523725060462951
Epoch:  8
Best acc:
0.66015
Test acc:
[0.5638854628487616, 0.5901863395446515, 0.5984532817760592, 0.6051201706723558, 0.6148204940164672, 0.6205206840228008, 0.6198206606886896]
epoch 9, step 0, loss 0.9744601249694824, Lx 0.8334421515464783, Lu 0.26512622833251953, Lu2 0.38304436206817627
Sample some true labeles and predicted labels
tensor([6, 7, 9, 8, 4, 4, 4, 6, 8, 4, 9, 6, 8, 2, 9, 8, 7, 7, 5, 0],
       device='cuda:0')
tensor([3, 7, 9, 8, 4, 4, 4, 6, 7, 4, 3, 9, 8, 2, 9, 0, 7, 8, 5, 8],
       device='cuda:0')
epoch 9, val acc 0.6511, val_loss 1.3344533371925353
Epoch:  9
Best acc:
0.66015
Test acc:
[0.5638854628487616, 0.5901863395446515, 0.5984532817760592, 0.6051201706723558, 0.6148204940164672, 0.6205206840228008, 0.6198206606886896]
epoch 10, step 0, loss 0.8344634175300598, Lx 0.7357157468795776, Lu 0.1585858166217804, Lu2 0.32511836290359497
Sample some true labeles and predicted labels
tensor([3, 7, 8, 8, 4, 4, 4, 6, 2, 4, 9, 6, 8, 2, 9, 8, 7, 7, 5, 8],
       device='cuda:0')
tensor([3, 7, 9, 8, 4, 4, 4, 6, 7, 4, 3, 9, 8, 2, 9, 0, 7, 8, 5, 8],
       device='cuda:0')
epoch 10, val acc 0.6578, val_loss 1.409443665599823
Epoch:  10
Best acc:
0.66015
Test acc:
[0.5638854628487616, 0.5901863395446515, 0.5984532817760592, 0.6051201706723558, 0.6148204940164672, 0.6205206840228008, 0.6198206606886896]
epoch 11, step 0, loss 0.7447619438171387, Lx 0.6985501050949097, Lu 0.029542379081249237, Lu2 0.032598018646240234
Sample some true labeles and predicted labels
tensor([6, 7, 9, 8, 4, 4, 4, 6, 2, 4, 9, 6, 8, 2, 9, 8, 8, 8, 5, 8],
       device='cuda:0')
tensor([3, 7, 9, 8, 4, 4, 4, 6, 7, 4, 3, 9, 8, 2, 9, 0, 7, 8, 5, 8],
       device='cuda:0')
epoch 11, val acc 0.6573, val_loss 1.4191646514892577
Epoch:  11
Best acc:
0.66015
Test acc:
[0.5638854628487616, 0.5901863395446515, 0.5984532817760592, 0.6051201706723558, 0.6148204940164672, 0.6205206840228008, 0.6198206606886896]
epoch 12, step 0, loss 1.12486732006073, Lx 0.9468998908996582, Lu 0.29071998596191406, Lu2 0.463428258895874
Sample some true labeles and predicted labels
tensor([6, 7, 9, 8, 4, 4, 4, 6, 2, 4, 9, 6, 8, 2, 9, 8, 7, 7, 5, 8],
       device='cuda:0')
tensor([3, 7, 9, 8, 4, 4, 4, 6, 7, 4, 3, 9, 8, 2, 9, 0, 7, 8, 5, 8],
       device='cuda:0')
epoch 12, val acc 0.65775, val_loss 1.4468506036758424
Epoch:  12
Best acc:
0.66015
Test acc:
[0.5638854628487616, 0.5901863395446515, 0.5984532817760592, 0.6051201706723558, 0.6148204940164672, 0.6205206840228008, 0.6198206606886896]
epoch 13, step 0, loss 0.8288938999176025, Lx 0.5066729187965393, Lu 0.08907496929168701, Lu2 0.16096262633800507
Sample some true labeles and predicted labels
tensor([6, 7, 9, 8, 4, 4, 4, 6, 6, 4, 9, 9, 8, 2, 9, 8, 7, 7, 5, 9],
       device='cuda:0')
tensor([3, 7, 9, 8, 4, 4, 4, 6, 7, 4, 3, 9, 8, 2, 9, 0, 7, 8, 5, 8],
       device='cuda:0')
epoch 13, val acc 0.65835, val_loss 1.4555959953308106
Epoch:  13
Best acc:
0.66015
Test acc:
[0.5638854628487616, 0.5901863395446515, 0.5984532817760592, 0.6051201706723558, 0.6148204940164672, 0.6205206840228008, 0.6198206606886896]
epoch 14, step 0, loss 1.2248210906982422, Lx 0.9618959426879883, Lu 0.3181615471839905, Lu2 0.3022932708263397
Sample some true labeles and predicted labels
tensor([6, 7, 9, 8, 4, 4, 4, 6, 6, 4, 9, 9, 8, 2, 9, 8, 8, 8, 5, 8],
       device='cuda:0')
tensor([3, 7, 9, 8, 4, 4, 4, 6, 7, 4, 3, 9, 8, 2, 9, 0, 7, 8, 5, 8],
       device='cuda:0')
epoch 14, val acc 0.6585, val_loss 1.4484473685264587
Epoch:  14
Best acc:
0.66015
Test acc:
[0.5638854628487616, 0.5901863395446515, 0.5984532817760592, 0.6051201706723558, 0.6148204940164672, 0.6205206840228008, 0.6198206606886896]
epoch 15, step 0, loss 1.4231501817703247, Lx 0.9424195289611816, Lu 0.6317538022994995, Lu2 0.30828922986984253
Sample some true labeles and predicted labels
tensor([3, 7, 9, 8, 9, 4, 4, 6, 8, 4, 9, 9, 8, 2, 9, 8, 8, 8, 5, 8],
       device='cuda:0')
tensor([3, 7, 9, 8, 4, 4, 4, 6, 7, 4, 3, 9, 8, 2, 9, 0, 7, 8, 5, 8],
       device='cuda:0')
epoch 15, val acc 0.64405, val_loss 1.461092402267456
Epoch:  15
Best acc:
0.66015
Test acc:
[0.5638854628487616, 0.5901863395446515, 0.5984532817760592, 0.6051201706723558, 0.6148204940164672, 0.6205206840228008, 0.6198206606886896]
epoch 16, step 0, loss 0.7967140674591064, Lx 0.5577622056007385, Lu 0.16286727786064148, Lu2 0.27643513679504395
Sample some true labeles and predicted labels
tensor([3, 7, 9, 8, 4, 4, 4, 6, 8, 4, 9, 9, 8, 2, 9, 8, 7, 7, 5, 0],
       device='cuda:0')
tensor([3, 7, 9, 8, 4, 4, 4, 6, 7, 4, 3, 9, 8, 2, 9, 0, 7, 8, 5, 8],
       device='cuda:0')
epoch 16, val acc 0.65075, val_loss 1.5238167662620545
Epoch:  16
Best acc:
0.66015
Test acc:
[0.5638854628487616, 0.5901863395446515, 0.5984532817760592, 0.6051201706723558, 0.6148204940164672, 0.6205206840228008, 0.6198206606886896]
epoch 17, step 0, loss 0.8959560394287109, Lx 0.5730666518211365, Lu 0.3758140802383423, Lu2 0.36239975690841675
Sample some true labeles and predicted labels
tensor([3, 7, 9, 8, 9, 4, 4, 6, 2, 4, 9, 9, 8, 2, 9, 8, 7, 5, 5, 9],
       device='cuda:0')
tensor([3, 7, 9, 8, 4, 4, 4, 6, 7, 4, 3, 9, 8, 2, 9, 0, 7, 8, 5, 8],
       device='cuda:0')
epoch 17, val acc 0.65635, val_loss 1.5242362535476686
Epoch:  17
Best acc:
0.66015
Test acc:
[0.5638854628487616, 0.5901863395446515, 0.5984532817760592, 0.6051201706723558, 0.6148204940164672, 0.6205206840228008, 0.6198206606886896]
epoch 18, step 0, loss 1.5037903785705566, Lx 1.4378365278244019, Lu 0.07074819505214691, Lu2 0.1823020577430725
Sample some true labeles and predicted labels
tensor([6, 7, 9, 8, 4, 4, 4, 6, 6, 4, 6, 9, 8, 2, 9, 8, 7, 5, 5, 8],
       device='cuda:0')
tensor([3, 7, 9, 8, 4, 4, 4, 6, 7, 4, 3, 9, 8, 2, 9, 0, 7, 8, 5, 8],
       device='cuda:0')
epoch 18, val acc 0.6483, val_loss 1.5847893300056457
Epoch:  18
Best acc:
0.66015
Test acc:
[0.5638854628487616, 0.5901863395446515, 0.5984532817760592, 0.6051201706723558, 0.6148204940164672, 0.6205206840228008, 0.6198206606886896]
epoch 19, step 0, loss 0.7604076862335205, Lx 0.44125527143478394, Lu 0.3336746096611023, Lu2 0.18160979449748993
Sample some true labeles and predicted labels
tensor([6, 7, 9, 8, 4, 4, 4, 6, 8, 4, 9, 9, 8, 2, 9, 8, 7, 7, 5, 8],
       device='cuda:0')
tensor([3, 7, 9, 8, 4, 4, 4, 6, 7, 4, 3, 9, 8, 2, 9, 0, 7, 8, 5, 8],
       device='cuda:0')
epoch 19, val acc 0.65645, val_loss 1.4789521712303162
Epoch:  19
Best acc:
0.66015
Test acc:
[0.5638854628487616, 0.5901863395446515, 0.5984532817760592, 0.6051201706723558, 0.6148204940164672, 0.6205206840228008, 0.6198206606886896]
Finished training!
Best acc:
0.66015
Test acc:
[0.5638854628487616, 0.5901863395446515, 0.5984532817760592, 0.6051201706723558, 0.6148204940164672, 0.6205206840228008, 0.6198206606886896]
