GPU num:  1
Whether mix:  True
Mix layers sets:  [7, 9, 12]
Using vat? False
#Labeled: 2000, Unlabeled 5000, Val 2000, Test 9999
epoch 0, step 0, loss 2.349639415740967, Lx 2.349639415740967, Lu 0.10584200918674469, Lu2 1.5946383476257324
Sample some true labeles and predicted labels
tensor([0, 0, 0, 0, 0, 0, 0, 1, 0, 1, 1, 0, 1, 0, 0, 0, 0, 0, 1, 0],
       device='cuda:0')
tensor([6, 2, 3, 0, 0, 0, 6, 0, 8, 9, 7, 9, 8, 7, 0, 8, 4, 6, 8, 9],
       device='cuda:0')
epoch 0, val acc 0.1325, val_loss 2.3006826038360595
Sample some true labeles and predicted labels
tensor([0, 0, 0, 1, 1, 0, 1, 0, 0, 0, 1, 1, 0, 0, 1, 1, 0, 0, 0, 1],
       device='cuda:0')
tensor([8, 1, 3, 3, 2, 2, 4, 2, 3, 7, 1, 1, 7, 8, 6, 9, 7, 3, 9, 8],
       device='cuda:0')
epoch 0, test acc 0.10651065106510652,test loss 2.3253551475381076
Epoch:  0
Best acc:
0.1325
Test acc:
[0.10651065106510652]
epoch 1, step 0, loss 2.0454814434051514, Lx 2.037480115890503, Lu 0.16002488136291504, Lu2 1.538172721862793
Sample some true labeles and predicted labels
tensor([9, 2, 7, 9, 0, 0, 9, 9, 8, 9, 4, 9, 8, 8, 2, 8, 4, 8, 8, 9],
       device='cuda:0')
tensor([6, 2, 3, 0, 0, 0, 6, 0, 8, 9, 7, 9, 8, 7, 0, 8, 4, 6, 8, 9],
       device='cuda:0')
epoch 1, val acc 0.5185, val_loss 1.5410981159210204
Sample some true labeles and predicted labels
tensor([8, 1, 3, 9, 2, 9, 4, 2, 1, 7, 1, 1, 7, 8, 1, 9, 7, 9, 9, 8],
       device='cuda:0')
tensor([8, 1, 3, 3, 2, 2, 4, 2, 3, 7, 1, 1, 7, 8, 6, 9, 7, 3, 9, 8],
       device='cuda:0')
epoch 1, test acc 0.46414641464146417,test loss 1.6746929414225336
Epoch:  1
Best acc:
0.5185
Test acc:
[0.10651065106510652, 0.46414641464146417]
epoch 2, step 0, loss 1.8573520183563232, Lx 1.8200104236602783, Lu 0.37341615557670593, Lu2 1.1774523258209229
Sample some true labeles and predicted labels
tensor([9, 2, 4, 0, 0, 0, 9, 0, 8, 9, 4, 9, 8, 5, 0, 8, 4, 7, 8, 9],
       device='cuda:0')
tensor([6, 2, 3, 0, 0, 0, 6, 0, 8, 9, 7, 9, 8, 7, 0, 8, 4, 6, 8, 9],
       device='cuda:0')
epoch 2, val acc 0.6135, val_loss 1.294690107345581
Sample some true labeles and predicted labels
tensor([8, 1, 5, 3, 2, 0, 4, 2, 1, 7, 0, 1, 7, 4, 4, 9, 7, 6, 6, 8],
       device='cuda:0')
tensor([8, 1, 3, 3, 2, 2, 4, 2, 3, 7, 1, 1, 7, 8, 6, 9, 7, 3, 9, 8],
       device='cuda:0')
epoch 2, test acc 0.5374537453745375,test loss 1.5411075476181841
Epoch:  2
Best acc:
0.6135
Test acc:
[0.10651065106510652, 0.46414641464146417, 0.5374537453745375]
epoch 3, step 0, loss 1.6556884050369263, Lx 1.590114712715149, Lu 0.4371575713157654, Lu2 0.9002935290336609
Sample some true labeles and predicted labels
tensor([1, 2, 1, 0, 0, 0, 6, 0, 8, 9, 1, 9, 8, 8, 0, 8, 4, 1, 8, 9],
       device='cuda:0')
tensor([6, 2, 3, 0, 0, 0, 6, 0, 8, 9, 7, 9, 8, 7, 0, 8, 4, 6, 8, 9],
       device='cuda:0')
epoch 3, val acc 0.632, val_loss 1.2303096599578858
Sample some true labeles and predicted labels
tensor([8, 1, 1, 1, 2, 8, 4, 2, 1, 7, 1, 1, 7, 8, 1, 9, 7, 2, 6, 8],
       device='cuda:0')
tensor([8, 1, 3, 3, 2, 2, 4, 2, 3, 7, 1, 1, 7, 8, 6, 9, 7, 3, 9, 8],
       device='cuda:0')
epoch 3, test acc 0.5480548054805481,test loss 1.5773009032008052
Epoch:  3
Best acc:
0.632
Test acc:
[0.10651065106510652, 0.46414641464146417, 0.5374537453745375, 0.5480548054805481]
epoch 4, step 0, loss 1.272432804107666, Lx 1.2001959085464478, Lu 0.3611844480037689, Lu2 0.8524417281150818
Sample some true labeles and predicted labels
tensor([1, 2, 3, 0, 0, 0, 6, 0, 8, 9, 7, 9, 8, 8, 0, 8, 4, 1, 8, 9],
       device='cuda:0')
tensor([6, 2, 3, 0, 0, 0, 6, 0, 8, 9, 7, 9, 8, 7, 0, 8, 4, 6, 8, 9],
       device='cuda:0')
epoch 4, val acc 0.6685, val_loss 1.0885731029510497
Sample some true labeles and predicted labels
tensor([8, 1, 3, 3, 2, 9, 7, 6, 1, 7, 1, 1, 7, 4, 1, 9, 7, 3, 6, 7],
       device='cuda:0')
tensor([8, 1, 3, 3, 2, 2, 4, 2, 3, 7, 1, 1, 7, 8, 6, 9, 7, 3, 9, 8],
       device='cuda:0')
epoch 4, test acc 0.5981598159815982,test loss 1.2897187121594735
Epoch:  4
Best acc:
0.6685
Test acc:
[0.10651065106510652, 0.46414641464146417, 0.5374537453745375, 0.5480548054805481, 0.5981598159815982]
epoch 5, step 0, loss 1.9864341020584106, Lx 1.8153337240219116, Lu 0.6844016313552856, Lu2 0.9029202461242676
