gpu num:  1
#Labeled: 100, Unlabeled 50000, Val 20000, Test 29999
epoch 0, step 0, loss 2.2359542846679688
epoch 0, step 1, loss 2.503469944000244
epoch 0, step 2, loss 2.7327661514282227
epoch 0, step 3, loss 2.2996721267700195
epoch 0, step 4, loss 2.4362306594848633
epoch 0, step 5, loss 2.7124645709991455
epoch 0, step 6, loss 2.3271517753601074
epoch 0, step 7, loss 2.3762784004211426
epoch 0, step 8, loss 2.244464874267578
epoch 0, step 9, loss 2.3543407917022705
epoch 0, step 10, loss 2.6656341552734375
epoch 0, step 11, loss 2.4953134059906006
epoch 0, step 12, loss 2.4399404525756836
epoch 0, val acc 0.12725, val_loss 2.299815633773804
epoch 0, test acc 0.13090436347878262,test loss 2.3011765480359405
epoch 0 took 752.93 secs
epoch 1, step 0, loss 2.1254138946533203
epoch 1, step 1, loss 2.1532392501831055
epoch 1, step 2, loss 2.337428092956543
epoch 1, step 3, loss 2.312130928039551
epoch 1, step 4, loss 2.274022102355957
epoch 1, step 5, loss 2.2510604858398438
epoch 1, step 6, loss 2.3371193408966064
epoch 1, step 7, loss 2.2529256343841553
epoch 1, step 8, loss 2.3366265296936035
epoch 1, step 9, loss 2.352452278137207
epoch 1, step 10, loss 2.1804275512695312
epoch 1, step 11, loss 2.267259120941162
epoch 1, step 12, loss 2.3440794944763184
epoch 1, val acc 0.1532, val_loss 2.2887606788635253
epoch 1, test acc 0.16007200240008002,test loss 2.2814747671822064
epoch 1 took 754.57 secs
epoch 2, step 0, loss 2.182742118835449
epoch 2, step 1, loss 2.1269752979278564
epoch 2, step 2, loss 2.229694366455078
epoch 2, step 3, loss 2.0504636764526367
epoch 2, step 4, loss 2.126692295074463
epoch 2, step 5, loss 2.3112847805023193
epoch 2, step 6, loss 2.143158435821533
epoch 2, step 7, loss 2.001047134399414
epoch 2, step 8, loss 2.2983317375183105
epoch 2, step 9, loss 2.255904197692871
epoch 2, step 10, loss 2.1258645057678223
epoch 2, step 11, loss 2.2553563117980957
epoch 2, step 12, loss 2.5116453170776367
epoch 2, val acc 0.16615, val_loss 2.2794139579772947
epoch 2, test acc 0.15580519350645022,test loss 2.279149049027546
epoch 2 took 761.55 secs
epoch 3, step 0, loss 1.666189432144165
epoch 3, step 1, loss 2.1632399559020996
epoch 3, step 2, loss 1.9623664617538452
epoch 3, step 3, loss 2.1238856315612793
epoch 3, step 4, loss 2.1652424335479736
epoch 3, step 5, loss 1.8791762590408325
epoch 3, step 6, loss 2.2507143020629883
epoch 3, step 7, loss 2.148747444152832
epoch 3, step 8, loss 1.9574615955352783
epoch 3, step 9, loss 2.285155773162842
epoch 3, step 10, loss 2.030916213989258
epoch 3, step 11, loss 2.2734415531158447
epoch 3, step 12, loss 2.2853665351867676
epoch 3, val acc 0.2373, val_loss 2.201650094985962
epoch 3, test acc 0.22714090469682321,test loss 2.20631999782556
epoch 3 took 766.28 secs
epoch 4, step 0, loss 1.6744316816329956
epoch 4, step 1, loss 1.9916431903839111
epoch 4, step 2, loss 1.8960566520690918
epoch 4, step 3, loss 1.995681643486023
epoch 4, step 4, loss 2.0888185501098633
epoch 4, step 5, loss 1.7343014478683472
epoch 4, step 6, loss 2.284407377243042
epoch 4, step 7, loss 2.1046762466430664
epoch 4, step 8, loss 2.0214955806732178
epoch 4, step 9, loss 1.2948880195617676
epoch 4, step 10, loss 1.526009440422058
epoch 4, step 11, loss 1.988436222076416
epoch 4, step 12, loss 1.7766706943511963
epoch 4, val acc 0.28555, val_loss 2.0584249601364135
epoch 4, test acc 0.2756091869728991,test loss 2.088260940577317
epoch 4 took 756.38 secs
epoch 5, step 0, loss 1.6798162460327148
epoch 5, step 1, loss 1.8766801357269287
epoch 5, step 2, loss 1.1354883909225464
epoch 5, step 3, loss 1.5063695907592773
epoch 5, step 4, loss 1.051274299621582
epoch 5, step 5, loss 1.203484058380127
epoch 5, step 6, loss 1.6322931051254272
epoch 5, step 7, loss 1.539123296737671
epoch 5, step 8, loss 1.4144889116287231
epoch 5, step 9, loss 1.4913498163223267
epoch 5, step 10, loss 1.7922725677490234
epoch 5, step 11, loss 1.0089603662490845
epoch 5, step 12, loss 1.0379215478897095
epoch 5, val acc 0.38655, val_loss 1.7764771951675415
epoch 5, test acc 0.36654555151838397,test loss 1.8213821078798025
epoch 5 took 755.36 secs
epoch 6, step 0, loss 1.2245858907699585
epoch 6, step 1, loss 1.3432081937789917
epoch 6, step 2, loss 1.0186827182769775
epoch 6, step 3, loss 0.7700153589248657
epoch 6, step 4, loss 1.377036690711975
epoch 6, step 5, loss 0.7084389328956604
epoch 6, step 6, loss 0.6766417026519775
epoch 6, step 7, loss 0.9692251682281494
epoch 6, step 8, loss 0.7005722522735596
epoch 6, step 9, loss 0.7523795366287231
epoch 6, step 10, loss 0.7928644418716431
epoch 6, step 11, loss 0.9899269342422485
epoch 6, step 12, loss 0.976526141166687
epoch 6, val acc 0.5098, val_loss 1.5723611154556274
epoch 6, test acc 0.4808160272009067,test loss 1.699857403669418
epoch 6 took 754.14 secs
epoch 7, step 0, loss 0.594997227191925
epoch 7, step 1, loss 0.7291927337646484
epoch 7, step 2, loss 0.7497534155845642
epoch 7, step 3, loss 0.4117670953273773
epoch 7, step 4, loss 0.7581037282943726
epoch 7, step 5, loss 0.459587424993515
epoch 7, step 6, loss 0.5059686303138733
epoch 7, step 7, loss 0.6721209287643433
epoch 7, step 8, loss 0.5350598692893982
epoch 7, step 9, loss 0.4786564111709595
epoch 7, step 10, loss 0.20751363039016724
epoch 7, step 11, loss 0.6620824337005615
epoch 7, step 12, loss 0.9240431189537048
epoch 7, val acc 0.5334, val_loss 1.4500409873962403
epoch 7, test acc 0.516750558351945,test loss 1.530491272589895
epoch 7 took 755.40 secs
epoch 8, step 0, loss 0.18004319071769714
epoch 8, step 1, loss 0.3792080581188202
epoch 8, step 2, loss 0.352232962846756
epoch 8, step 3, loss 0.23288977146148682
epoch 8, step 4, loss 0.33995676040649414
epoch 8, step 5, loss 0.2923111915588379
epoch 8, step 6, loss 0.13662874698638916
epoch 8, step 7, loss 0.5114701986312866
epoch 8, step 8, loss 0.689987301826477
epoch 8, step 9, loss 0.45139455795288086
epoch 8, step 10, loss 0.123101606965065
epoch 8, step 11, loss 0.14823752641677856
epoch 8, step 12, loss 0.2829935550689697
epoch 8, val acc 0.5512, val_loss 1.4592746850967406
epoch 8, test acc 0.5224507483582786,test loss 1.6177820851593885
epoch 8 took 755.32 secs
epoch 9, step 0, loss 0.09484556317329407
epoch 9, step 1, loss 0.17819790542125702
epoch 9, step 2, loss 0.45341676473617554
epoch 9, step 3, loss 0.07322245836257935
epoch 9, step 4, loss 0.2264399230480194
epoch 9, step 5, loss 0.12588933110237122
epoch 9, step 6, loss 0.1196683868765831
epoch 9, step 7, loss 0.0864357128739357
epoch 9, step 8, loss 0.08025611937046051
epoch 9, step 9, loss 0.06729193031787872
epoch 9, step 10, loss 0.13838568329811096
epoch 9, step 11, loss 0.14707031846046448
epoch 9, step 12, loss 0.07256078720092773
epoch 9, val acc 0.57495, val_loss 1.4388264841079712
epoch 9, test acc 0.5501516717223908,test loss 1.5646626773073362
epoch 9 took 754.98 secs
epoch 10, step 0, loss 0.04891984164714813
epoch 10, step 1, loss 0.08723108470439911
epoch 10, step 2, loss 0.09757404029369354
epoch 10, step 3, loss 0.09145839512348175
epoch 10, step 4, loss 0.03454279154539108
epoch 10, step 5, loss 0.04072469100356102
epoch 10, step 6, loss 0.10297985374927521
epoch 10, step 7, loss 0.06614086776971817
epoch 10, step 8, loss 0.03275550156831741
epoch 10, step 9, loss 0.05638304352760315
epoch 10, step 10, loss 0.058716997504234314
epoch 10, step 11, loss 0.10400547832250595
epoch 10, step 12, loss 0.04881582036614418
epoch 10, val acc 0.56535, val_loss 1.5295817258834838
epoch 10 took 306.13 secs
epoch 11, step 0, loss 0.0366918109357357
epoch 11, step 1, loss 0.045038819313049316
epoch 11, step 2, loss 0.05047716945409775
epoch 11, step 3, loss 0.05238936096429825
epoch 11, step 4, loss 0.02675260230898857
epoch 11, step 5, loss 0.05065441131591797
epoch 11, step 6, loss 0.045806147158145905
epoch 11, step 7, loss 0.03190962225198746
epoch 11, step 8, loss 0.041752468794584274
epoch 11, step 9, loss 0.02421414479613304
epoch 11, step 10, loss 0.03663894161581993
epoch 11, step 11, loss 0.03523733839392662
epoch 11, step 12, loss 0.02340847998857498
epoch 11, val acc 0.5679, val_loss 1.5179354860305787
epoch 11 took 306.24 secs
epoch 12, step 0, loss 0.0318644680082798
epoch 12, step 1, loss 0.033654145896434784
epoch 12, step 2, loss 0.02924281358718872
epoch 12, step 3, loss 0.02873322181403637
epoch 12, step 4, loss 0.02771591953933239
epoch 12, step 5, loss 0.027734313160181046
epoch 12, step 6, loss 0.029429923743009567
epoch 12, step 7, loss 0.0203995443880558
epoch 12, step 8, loss 0.025845728814601898
epoch 12, step 9, loss 0.03310679644346237
epoch 12, step 10, loss 0.02527530863881111
epoch 12, step 11, loss 0.017296621575951576
epoch 12, step 12, loss 0.015255224891006947
epoch 12, val acc 0.5744, val_loss 1.5261638139724731
epoch 12 took 306.96 secs
epoch 13, step 0, loss 0.01922927051782608
epoch 13, step 1, loss 0.020129265263676643
epoch 13, step 2, loss 0.020723218098282814
epoch 13, step 3, loss 0.025998974218964577
epoch 13, step 4, loss 0.020547522231936455
epoch 13, step 5, loss 0.016564153134822845
epoch 13, step 6, loss 0.021452534943819046
epoch 13, step 7, loss 0.01806183159351349
epoch 13, step 8, loss 0.034146636724472046
epoch 13, step 9, loss 0.01956005021929741
epoch 13, step 10, loss 0.029932374134659767
epoch 13, step 11, loss 0.019503198564052582
epoch 13, step 12, loss 0.021683672443032265
epoch 13, val acc 0.57935, val_loss 1.5336416580200196
epoch 13, test acc 0.5506850228340945,test loss 1.7204282535283206
epoch 13 took 755.39 secs
epoch 14, step 0, loss 0.0181470587849617
epoch 14, step 1, loss 0.02034625969827175
epoch 14, step 2, loss 0.01669648289680481
epoch 14, step 3, loss 0.020696444436907768
epoch 14, step 4, loss 0.02319083921611309
epoch 14, step 5, loss 0.016865070909261703
epoch 14, step 6, loss 0.014803323894739151
epoch 14, step 7, loss 0.013722892850637436
epoch 14, step 8, loss 0.016607865691184998
epoch 14, step 9, loss 0.017374355345964432
epoch 14, step 10, loss 0.02157910354435444
epoch 14, step 11, loss 0.014646553434431553
epoch 14, step 12, loss 0.023293424397706985
epoch 14, val acc 0.5854, val_loss 1.5400611347198487
epoch 14, test acc 0.5544184806160205,test loss 1.7306685783158995
epoch 14 took 754.54 secs
epoch 15, step 0, loss 0.014255333691835403
epoch 15, step 1, loss 0.014181184582412243
epoch 15, step 2, loss 0.0133987907320261
epoch 15, step 3, loss 0.017131680622696877
epoch 15, step 4, loss 0.0240557249635458
epoch 15, step 5, loss 0.012256773188710213
epoch 15, step 6, loss 0.015456089749932289
epoch 15, step 7, loss 0.01982327550649643
epoch 15, step 8, loss 0.01540511753410101
epoch 15, step 9, loss 0.010678497143089771
epoch 15, step 10, loss 0.015443200245499611
epoch 15, step 11, loss 0.015630492940545082
epoch 15, step 12, loss 0.009736879728734493
epoch 15, val acc 0.58285, val_loss 1.5624528778076172
epoch 15 took 305.90 secs
epoch 16, step 0, loss 0.01137535646557808
epoch 16, step 1, loss 0.013784827664494514
epoch 16, step 2, loss 0.011071139946579933
epoch 16, step 3, loss 0.01320172380656004
epoch 16, step 4, loss 0.009413041174411774
epoch 16, step 5, loss 0.014828597195446491
epoch 16, step 6, loss 0.014915156178176403
epoch 16, step 7, loss 0.011905782856047153
epoch 16, step 8, loss 0.013937589712440968
epoch 16, step 9, loss 0.01422120351344347
epoch 16, step 10, loss 0.00955252069979906
epoch 16, step 11, loss 0.012805639766156673
epoch 16, step 12, loss 0.013478065840899944
epoch 16, val acc 0.58275, val_loss 1.5776036600112915
epoch 16 took 305.72 secs
epoch 17, step 0, loss 0.013290302827954292
epoch 17, step 1, loss 0.011354731395840645
epoch 17, step 2, loss 0.008756851777434349
epoch 17, step 3, loss 0.009979471564292908
epoch 17, step 4, loss 0.014206822961568832
epoch 17, step 5, loss 0.009708482772111893
epoch 17, step 6, loss 0.01197861973196268
epoch 17, step 7, loss 0.012759159319102764
epoch 17, step 8, loss 0.008796198293566704
epoch 17, step 9, loss 0.01202393788844347
epoch 17, step 10, loss 0.012475475668907166
epoch 17, step 11, loss 0.010856065899133682
epoch 17, step 12, loss 0.012539999559521675
epoch 17, val acc 0.5837, val_loss 1.5927716188430787
epoch 17 took 305.38 secs
epoch 18, step 0, loss 0.008687094785273075
epoch 18, step 1, loss 0.009963685646653175
epoch 18, step 2, loss 0.015199235640466213
epoch 18, step 3, loss 0.010620759800076485
epoch 18, step 4, loss 0.010465270839631557
epoch 18, step 5, loss 0.010007970966398716
epoch 18, step 6, loss 0.010593007318675518
epoch 18, step 7, loss 0.010868002660572529
epoch 18, step 8, loss 0.0095945680513978
epoch 18, step 9, loss 0.015208291821181774
epoch 18, step 10, loss 0.012232274748384953
epoch 18, step 11, loss 0.010770333930850029
epoch 18, step 12, loss 0.008308853954076767
epoch 18, val acc 0.5847, val_loss 1.6012036561965943
epoch 18 took 305.48 secs
epoch 19, step 0, loss 0.0074643297120928764
epoch 19, step 1, loss 0.010739822871983051
epoch 19, step 2, loss 0.017860906198620796
epoch 19, step 3, loss 0.008736781775951385
epoch 19, step 4, loss 0.013911004178225994
epoch 19, step 5, loss 0.009660395793616772
epoch 19, step 6, loss 0.009452549740672112
epoch 19, step 7, loss 0.009449009783565998
epoch 19, step 8, loss 0.0074211484752595425
epoch 19, step 9, loss 0.008942504413425922
epoch 19, step 10, loss 0.008134443312883377
epoch 19, step 11, loss 0.010215156711637974
epoch 19, step 12, loss 0.0068277958780527115
epoch 19, val acc 0.5854, val_loss 1.6032834215164184
epoch 19, test acc 0.5561185372845762,test loss 1.7982235475636994
epoch 19 took 751.93 secs
Best val_acc:
0.5854
Test acc:
[0.13090436347878262, 0.16007200240008002, 0.15580519350645022, 0.22714090469682321, 0.2756091869728991, 0.36654555151838397, 0.4808160272009067, 0.516750558351945, 0.5224507483582786, 0.5501516717223908, 0.5506850228340945, 0.5544184806160205, 0.5561185372845762]
