GPU num:  1
Whether mix:  True
Mix layers sets:  [7, 9, 12]
#Labeled: 2000, Unlabeled 5000, Val 2000, Test 9999
epoch 0, step 0, loss 2.3544397354125977, Lx 2.3445377349853516, Lu 0.10520827025175095, Lu2 1.5855554342269897
Sample some true labeles and predicted labels
tensor([0, 5, 5, 0, 0, 0, 5, 0, 0, 0, 0, 5, 0, 0, 0, 5, 0, 5, 0, 0],
       device='cuda:0')
tensor([6, 2, 3, 0, 0, 0, 6, 0, 8, 9, 7, 9, 8, 7, 0, 8, 4, 6, 8, 9],
       device='cuda:0')
epoch 0, val acc 0.1345, val_loss 2.331436948776245
Sample some true labeles and predicted labels
tensor([0, 0, 5, 0, 0, 0, 0, 0, 5, 0, 0, 0, 5, 0, 0, 0, 0, 0, 5, 0],
       device='cuda:0')
tensor([8, 1, 3, 3, 2, 2, 4, 2, 3, 7, 1, 1, 7, 8, 6, 9, 7, 3, 9, 8],
       device='cuda:0')
epoch 0, test acc 0.09840984098409841,test loss 2.3469948873053506
Epoch:  0
Best acc:
0.1345
Test acc:
GPU num:  1
Whether mix:  True
Mix layers sets:  [7, 9, 12]
#Labeled: 2000, Unlabeled 5000, Val 2000, Test 9999
epoch 0, step 0, loss 2.286893844604492, Lx 2.277287244796753, Lu 0.09820272773504257, Lu2 1.5972981452941895
Sample some true labeles and predicted labels
tensor([5, 4, 5, 3, 3, 3, 4, 3, 4, 3, 3, 5, 8, 4, 3, 5, 4, 5, 3, 4],
       device='cuda:0')
tensor([6, 2, 3, 0, 0, 0, 6, 0, 8, 9, 7, 9, 8, 7, 0, 8, 4, 6, 8, 9],
       device='cuda:0')
epoch 0, val acc 0.1535, val_loss 2.2733562602996824
Sample some true labeles and predicted labels
tensor([4, 5, 5, 3, 3, 4, 4, 3, 5, 3, 3, 3, 4, 4, 3, 3, 3, 5, 5, 3],
       device='cuda:0')
tensor([8, 1, 3, 3, 2, 2, 4, 2, 3, 7, 1, 1, 7, 8, 6, 9, 7, 3, 9, 8],
       device='cuda:0')
epoch 0, test acc 0.15241524152415242,test loss 2.2855322531240323
Epoch:  0
Best acc:
0.1535
Test acc:
[0.15241524152415242]
epoch 1, step 0, loss 2.266139268875122, Lx 2.2505717277526855, Lu 0.11927887052297592, Lu2 1.578244924545288
Sample some true labeles and predicted labels
tensor([6, 6, 6, 6, 6, 6, 6, 6, 6, 6, 6, 6, 8, 6, 6, 6, 6, 6, 8, 6],
       device='cuda:0')
tensor([6, 2, 3, 0, 0, 0, 6, 0, 8, 9, 7, 9, 8, 7, 0, 8, 4, 6, 8, 9],
       device='cuda:0')
epoch 1, val acc 0.1995, val_loss 2.0998928241729735
Sample some true labeles and predicted labels
tensor([6, 6, 6, 6, 2, 6, 6, 6, 6, 6, 6, 1, 6, 6, 6, 6, 6, 6, 6, 6],
       device='cuda:0')
tensor([8, 1, 3, 3, 2, 2, 4, 2, 3, 7, 1, 1, 7, 8, 6, 9, 7, 3, 9, 8],
       device='cuda:0')
epoch 1, test acc 0.31133113311331134,test loss 1.986331617597318
Epoch:  1
Best acc:
0.1995
Test acc:
[0.15241524152415242, 0.31133113311331134]
epoch 2, step 0, loss 2.2154288291931152, Lx 2.187382221221924, Lu 0.19716235995292664, Lu2 1.4757003784179688
Sample some true labeles and predicted labels
tensor([3, 2, 5, 0, 0, 0, 6, 0, 8, 0, 4, 9, 8, 8, 0, 8, 4, 8, 8, 9],
       device='cuda:0')
tensor([6, 2, 3, 0, 0, 0, 6, 0, 8, 9, 7, 9, 8, 7, 0, 8, 4, 6, 8, 9],
       device='cuda:0')
epoch 2, val acc 0.6045, val_loss 1.3747937536239625
Sample some true labeles and predicted labels
tensor([8, 1, 5, 3, 2, 8, 4, 3, 7, 7, 0, 1, 5, 4, 4, 6, 7, 3, 5, 8],
       device='cuda:0')
tensor([8, 1, 3, 3, 2, 2, 4, 2, 3, 7, 1, 1, 7, 8, 6, 9, 7, 3, 9, 8],
       device='cuda:0')
epoch 2, test acc 0.5407540754075407,test loss 1.4953407787754482
Epoch:  2
Best acc:
0.6045
Test acc:
[0.15241524152415242, 0.31133113311331134, 0.5407540754075407]
epoch 3, step 0, loss 2.5962178707122803, Lx 2.213667869567871, Lu 0.5156786441802979, Lu2 1.2333006858825684
Sample some true labeles and predicted labels
tensor([1, 2, 1, 9, 0, 0, 6, 0, 8, 9, 4, 9, 8, 5, 0, 8, 4, 1, 8, 9],
       device='cuda:0')
tensor([6, 2, 3, 0, 0, 0, 6, 0, 8, 9, 7, 9, 8, 7, 0, 8, 4, 6, 8, 9],
       device='cuda:0')
epoch 3, val acc 0.6395, val_loss 1.2197206993103027
Sample some true labeles and predicted labels
tensor([8, 1, 5, 3, 2, 8, 7, 2, 1, 7, 2, 1, 7, 4, 1, 6, 7, 3, 6, 8],
       device='cuda:0')
tensor([8, 1, 3, 3, 2, 2, 4, 2, 3, 7, 1, 1, 7, 8, 6, 9, 7, 3, 9, 8],
       device='cuda:0')
epoch 3, test acc 0.5742574257425742,test loss 1.4143417633966346
Epoch:  3
Best acc:
0.6395
Test acc:
[0.15241524152415242, 0.31133113311331134, 0.5407540754075407, 0.5742574257425742]
epoch 4, step 0, loss 1.7858223915100098, Lx 1.2504496574401855, Lu 0.39890775084495544, Lu2 0.9968433380126953
Sample some true labeles and predicted labels
tensor([6, 2, 2, 0, 0, 0, 6, 0, 8, 9, 4, 9, 8, 7, 0, 8, 4, 1, 8, 9],
       device='cuda:0')
tensor([6, 2, 3, 0, 0, 0, 6, 0, 8, 9, 7, 9, 8, 7, 0, 8, 4, 6, 8, 9],
       device='cuda:0')
epoch 4, val acc 0.678, val_loss 1.1278549146652221
Sample some true labeles and predicted labels
tensor([8, 1, 1, 3, 2, 8, 7, 2, 1, 7, 0, 1, 7, 4, 4, 9, 7, 3, 6, 8],
       device='cuda:0')
tensor([8, 1, 3, 3, 2, 2, 4, 2, 3, 7, 1, 1, 7, 8, 6, 9, 7, 3, 9, 8],
       device='cuda:0')
epoch 4, test acc 0.5968596859685968,test loss 1.343020351949555
Epoch:  4
Best acc:
0.678
Test acc:
[0.15241524152415242, 0.31133113311331134, 0.5407540754075407, 0.5742574257425742, 0.5968596859685968]
epoch 5, step 0, loss 2.1353273391723633, Lx 1.7172222137451172, Lu 0.5279964208602905, Lu2 0.7724315524101257
Sample some true labeles and predicted labels
tensor([1, 2, 1, 0, 0, 0, 9, 0, 8, 9, 7, 9, 8, 8, 0, 8, 4, 1, 8, 9],
       device='cuda:0')
tensor([6, 2, 3, 0, 0, 0, 6, 0, 8, 9, 7, 9, 8, 7, 0, 8, 4, 6, 8, 9],
       device='cuda:0')
epoch 5, val acc 0.6695, val_loss 1.1439457063674927
Epoch:  5
Best acc:
0.678
Test acc:
[0.15241524152415242, 0.31133113311331134, 0.5407540754075407, 0.5742574257425742, 0.5968596859685968]
epoch 6, step 0, loss 2.1837759017944336, Lx 1.6580853462219238, Lu 0.31756672263145447, Lu2 1.274733066558838
Sample some true labeles and predicted labels
tensor([6, 2, 2, 9, 0, 0, 6, 0, 8, 9, 7, 9, 8, 8, 0, 8, 4, 8, 8, 9],
       device='cuda:0')
tensor([6, 2, 3, 0, 0, 0, 6, 0, 8, 9, 7, 9, 8, 7, 0, 8, 4, 6, 8, 9],
       device='cuda:0')
epoch 6, val acc 0.67, val_loss 1.104479902267456
Epoch:  6
Best acc:
0.678
Test acc:
[0.15241524152415242, 0.31133113311331134, 0.5407540754075407, 0.5742574257425742, 0.5968596859685968]
epoch 7, step 0, loss 3.105579137802124, Lx 2.5249009132385254, Lu 0.36984795331954956, Lu2 0.7307664752006531
Sample some true labeles and predicted labels
tensor([1, 2, 2, 0, 0, 0, 6, 0, 8, 9, 7, 9, 8, 8, 0, 8, 4, 8, 8, 9],
       device='cuda:0')
tensor([6, 2, 3, 0, 0, 0, 6, 0, 8, 9, 7, 9, 8, 7, 0, 8, 4, 6, 8, 9],
       device='cuda:0')
epoch 7, val acc 0.6825, val_loss 1.107103479385376
Sample some true labeles and predicted labels
tensor([8, 1, 1, 3, 2, 8, 4, 2, 2, 7, 0, 1, 7, 8, 4, 9, 7, 3, 6, 8],
       device='cuda:0')
tensor([8, 1, 3, 3, 2, 2, 4, 2, 3, 7, 1, 1, 7, 8, 6, 9, 7, 3, 9, 8],
       device='cuda:0')
epoch 7, test acc 0.5908590859085908,test loss 1.421799296163919
Epoch:  7
Best acc:
0.6825
Test acc:
[0.15241524152415242, 0.31133113311331134, 0.5407540754075407, 0.5742574257425742, 0.5968596859685968, 0.5908590859085908]
epoch 8, step 0, loss 0.9907368421554565, Lx 0.6456278562545776, Lu 0.2941005825996399, Lu2 0.4881756007671356
Sample some true labeles and predicted labels
tensor([6, 2, 3, 0, 0, 0, 6, 0, 8, 9, 4, 9, 8, 8, 0, 8, 4, 3, 8, 9],
       device='cuda:0')
tensor([6, 2, 3, 0, 0, 0, 6, 0, 8, 9, 7, 9, 8, 7, 0, 8, 4, 6, 8, 9],
       device='cuda:0')
epoch 8, val acc 0.6825, val_loss 1.066008253097534
Sample some true labeles and predicted labels
tensor([8, 1, 1, 3, 2, 8, 4, 6, 1, 7, 8, 1, 7, 4, 4, 9, 7, 3, 6, 8],
       device='cuda:0')
tensor([8, 1, 3, 3, 2, 2, 4, 2, 3, 7, 1, 1, 7, 8, 6, 9, 7, 3, 9, 8],
       device='cuda:0')
epoch 8, test acc 0.6007600760076007,test loss 1.316118793590556
Epoch:  8
Best acc:
0.6825
Test acc:
[0.15241524152415242, 0.31133113311331134, 0.5407540754075407, 0.5742574257425742, 0.5968596859685968, 0.5908590859085908, 0.6007600760076007]
epoch 9, step 0, loss 2.6964149475097656, Lx 1.4288711547851562, Lu 0.26607975363731384, Lu2 0.44049689173698425
Sample some true labeles and predicted labels
tensor([1, 2, 3, 9, 0, 0, 6, 0, 8, 9, 7, 9, 8, 5, 0, 8, 4, 3, 8, 9],
       device='cuda:0')
tensor([6, 2, 3, 0, 0, 0, 6, 0, 8, 9, 7, 9, 8, 7, 0, 8, 4, 6, 8, 9],
       device='cuda:0')
epoch 9, val acc 0.677, val_loss 1.0870815439224244
Epoch:  9
Best acc:
0.6825
Test acc:
[0.15241524152415242, 0.31133113311331134, 0.5407540754075407, 0.5742574257425742, 0.5968596859685968, 0.5908590859085908, 0.6007600760076007]
epoch 10, step 0, loss 1.6585726737976074, Lx 1.2532697916030884, Lu 0.5542675256729126, Lu2 0.8969534635543823
Sample some true labeles and predicted labels
tensor([1, 2, 1, 9, 0, 0, 6, 0, 8, 9, 7, 9, 8, 7, 0, 8, 4, 3, 8, 9],
       device='cuda:0')
tensor([6, 2, 3, 0, 0, 0, 6, 0, 8, 9, 7, 9, 8, 7, 0, 8, 4, 6, 8, 9],
       device='cuda:0')
epoch 10, val acc 0.688, val_loss 1.048357361793518
Sample some true labeles and predicted labels
tensor([8, 1, 7, 3, 2, 8, 7, 2, 1, 7, 1, 1, 7, 4, 4, 9, 7, 3, 6, 8],
       device='cuda:0')
tensor([8, 1, 3, 3, 2, 2, 4, 2, 3, 7, 1, 1, 7, 8, 6, 9, 7, 3, 9, 8],
       device='cuda:0')
epoch 10, test acc 0.6013601360136014,test loss 1.380621463015671
Epoch:  10
Best acc:
0.688
Test acc:
[0.15241524152415242, 0.31133113311331134, 0.5407540754075407, 0.5742574257425742, 0.5968596859685968, 0.5908590859085908, 0.6007600760076007, 0.6013601360136014]
epoch 11, step 0, loss 1.698593258857727, Lx 1.27960205078125, Lu 0.20583760738372803, Lu2 0.7451490759849548
Sample some true labeles and predicted labels
tensor([1, 2, 3, 9, 0, 0, 9, 0, 8, 9, 7, 9, 8, 8, 0, 8, 4, 3, 8, 9],
       device='cuda:0')
tensor([6, 2, 3, 0, 0, 0, 6, 0, 8, 9, 7, 9, 8, 7, 0, 8, 4, 6, 8, 9],
       device='cuda:0')
epoch 11, val acc 0.685, val_loss 1.0398987827301025
Epoch:  11
Best acc:
0.688
Test acc:
[0.15241524152415242, 0.31133113311331134, 0.5407540754075407, 0.5742574257425742, 0.5968596859685968, 0.5908590859085908, 0.6007600760076007, 0.6013601360136014]
epoch 12, step 0, loss 2.689894437789917, Lx 1.776376485824585, Lu 0.6017199754714966, Lu2 1.107940673828125
Sample some true labeles and predicted labels
tensor([1, 2, 2, 9, 0, 0, 9, 0, 8, 9, 7, 9, 8, 8, 0, 8, 4, 3, 8, 9],
       device='cuda:0')
tensor([6, 2, 3, 0, 0, 0, 6, 0, 8, 9, 7, 9, 8, 7, 0, 8, 4, 6, 8, 9],
       device='cuda:0')
epoch 12, val acc 0.6785, val_loss 1.0806343898773194
Epoch:  12
Best acc:
0.688
Test acc:
[0.15241524152415242, 0.31133113311331134, 0.5407540754075407, 0.5742574257425742, 0.5968596859685968, 0.5908590859085908, 0.6007600760076007, 0.6013601360136014]
epoch 13, step 0, loss 1.5703014135360718, Lx 0.9394809007644653, Lu 0.30209633708000183, Lu2 0.3281722366809845
Sample some true labeles and predicted labels
tensor([1, 2, 1, 9, 0, 0, 6, 0, 8, 9, 7, 9, 8, 7, 7, 8, 4, 3, 8, 9],
       device='cuda:0')
tensor([6, 2, 3, 0, 0, 0, 6, 0, 8, 9, 7, 9, 8, 7, 0, 8, 4, 6, 8, 9],
       device='cuda:0')
epoch 13, val acc 0.6855, val_loss 1.0529146037101746
Epoch:  13
Best acc:
0.688
Test acc:
[0.15241524152415242, 0.31133113311331134, 0.5407540754075407, 0.5742574257425742, 0.5968596859685968, 0.5908590859085908, 0.6007600760076007, 0.6013601360136014]
epoch 14, step 0, loss 1.9265570640563965, Lx 1.4213449954986572, Lu 0.3181646764278412, Lu2 0.6576752662658691
Sample some true labeles and predicted labels
tensor([1, 2, 1, 0, 0, 0, 6, 0, 8, 9, 7, 9, 8, 8, 0, 8, 4, 1, 8, 9],
       device='cuda:0')
tensor([6, 2, 3, 0, 0, 0, 6, 0, 8, 9, 7, 9, 8, 7, 0, 8, 4, 6, 8, 9],
       device='cuda:0')
epoch 14, val acc 0.6935, val_loss 1.0658952674865723
Sample some true labeles and predicted labels
tensor([8, 1, 1, 3, 2, 8, 4, 2, 1, 7, 0, 1, 7, 4, 4, 9, 7, 3, 6, 8],
       device='cuda:0')
tensor([8, 1, 3, 3, 2, 2, 4, 2, 3, 7, 1, 1, 7, 8, 6, 9, 7, 3, 9, 8],
       device='cuda:0')
epoch 14, test acc 0.5951595159515951,test loss 1.3515806725435537
Epoch:  14
Best acc:
0.6935
Test acc:
[0.15241524152415242, 0.31133113311331134, 0.5407540754075407, 0.5742574257425742, 0.5968596859685968, 0.5908590859085908, 0.6007600760076007, 0.6013601360136014, 0.5951595159515951]
epoch 15, step 0, loss 2.011791706085205, Lx 1.0344855785369873, Lu 0.22847649455070496, Lu2 0.5181783437728882
Sample some true labeles and predicted labels
tensor([1, 2, 1, 0, 0, 0, 6, 0, 8, 9, 7, 9, 8, 7, 7, 8, 7, 3, 8, 9],
       device='cuda:0')
tensor([6, 2, 3, 0, 0, 0, 6, 0, 8, 9, 7, 9, 8, 7, 0, 8, 4, 6, 8, 9],
       device='cuda:0')
epoch 15, val acc 0.6805, val_loss 1.0200148658752441
Epoch:  15
Best acc:
0.6935
Test acc:
[0.15241524152415242, 0.31133113311331134, 0.5407540754075407, 0.5742574257425742, 0.5968596859685968, 0.5908590859085908, 0.6007600760076007, 0.6013601360136014, 0.5951595159515951]
epoch 16, step 0, loss 1.2600672245025635, Lx 0.9894557595252991, Lu 0.25020331144332886, Lu2 0.6308800578117371
Sample some true labeles and predicted labels
tensor([6, 2, 1, 9, 0, 0, 6, 0, 8, 9, 7, 9, 8, 7, 7, 8, 7, 3, 8, 9],
       device='cuda:0')
tensor([6, 2, 3, 0, 0, 0, 6, 0, 8, 9, 7, 9, 8, 7, 0, 8, 4, 6, 8, 9],
       device='cuda:0')
epoch 16, val acc 0.6845, val_loss 1.0316408824920655
Epoch:  16
Best acc:
0.6935
Test acc:
[0.15241524152415242, 0.31133113311331134, 0.5407540754075407, 0.5742574257425742, 0.5968596859685968, 0.5908590859085908, 0.6007600760076007, 0.6013601360136014, 0.5951595159515951]
epoch 17, step 0, loss 2.348092555999756, Lx 1.9525073766708374, Lu 0.4248226583003998, Lu2 0.8486377596855164
Sample some true labeles and predicted labels
tensor([6, 2, 1, 0, 0, 0, 9, 0, 8, 9, 7, 9, 8, 7, 7, 8, 4, 3, 8, 9],
       device='cuda:0')
tensor([6, 2, 3, 0, 0, 0, 6, 0, 8, 9, 7, 9, 8, 7, 0, 8, 4, 6, 8, 9],
       device='cuda:0')
epoch 17, val acc 0.682, val_loss 1.0427147178649903
Epoch:  17
Best acc:
0.6935
Test acc:
[0.15241524152415242, 0.31133113311331134, 0.5407540754075407, 0.5742574257425742, 0.5968596859685968, 0.5908590859085908, 0.6007600760076007, 0.6013601360136014, 0.5951595159515951]
epoch 18, step 0, loss 2.348628520965576, Lx 1.4699761867523193, Lu 0.38538238406181335, Lu2 0.5203841924667358
Sample some true labeles and predicted labels
tensor([1, 2, 1, 0, 0, 0, 9, 0, 8, 9, 7, 9, 8, 7, 7, 8, 4, 8, 8, 9],
       device='cuda:0')
tensor([6, 2, 3, 0, 0, 0, 6, 0, 8, 9, 7, 9, 8, 7, 0, 8, 4, 6, 8, 9],
       device='cuda:0')
epoch 18, val acc 0.6885, val_loss 1.0280472831726075
Epoch:  18
Best acc:
0.6935
Test acc:
[0.15241524152415242, 0.31133113311331134, 0.5407540754075407, 0.5742574257425742, 0.5968596859685968, 0.5908590859085908, 0.6007600760076007, 0.6013601360136014, 0.5951595159515951]
epoch 19, step 0, loss 1.513664722442627, Lx 0.783327579498291, Lu 0.40150928497314453, Lu2 0.8019711375236511
Sample some true labeles and predicted labels
tensor([6, 2, 1, 0, 0, 0, 9, 0, 8, 9, 7, 9, 8, 7, 7, 8, 4, 3, 8, 9],
       device='cuda:0')
tensor([6, 2, 3, 0, 0, 0, 6, 0, 8, 9, 7, 9, 8, 7, 0, 8, 4, 6, 8, 9],
       device='cuda:0')
epoch 19, val acc 0.695, val_loss 1.0199598789215087
Sample some true labeles and predicted labels
tensor([8, 1, 1, 3, 2, 9, 7, 2, 1, 7, 0, 1, 7, 8, 4, 9, 7, 3, 6, 8],
       device='cuda:0')
tensor([8, 1, 3, 3, 2, 2, 4, 2, 3, 7, 1, 1, 7, 8, 6, 9, 7, 3, 9, 8],
       device='cuda:0')
epoch 19, test acc 0.6051605160516051,test loss 1.3679598591449034
Epoch:  19
Best acc:
0.695
Test acc:
[0.15241524152415242, 0.31133113311331134, 0.5407540754075407, 0.5742574257425742, 0.5968596859685968, 0.5908590859085908, 0.6007600760076007, 0.6013601360136014, 0.5951595159515951, 0.6051605160516051]
Finished training!
Best acc:
0.695
Test accs:
