GPU num:  1
Whether mix:  True
Mix layers sets:  [7, 9, 12]
#Labeled: 200, Unlabeled 5000, Val 2000, Test 9999
epoch 0, step 0, loss 2.325263023376465, Lx 2.325263023376465, Lu 0.06814411282539368, Lu2 1.5988733768463135
Sample some true labeles and predicted labels
tensor([8, 3, 1, 8, 3, 3, 8, 8, 8, 8, 1, 3, 8, 3, 1, 3, 3, 3, 8, 3],
       device='cuda:0')
tensor([7, 5, 3, 9, 4, 1, 4, 2, 0, 7, 0, 3, 9, 2, 2, 5, 5, 1, 8, 6],
       device='cuda:0')
epoch 0, val acc 0.147, val_loss 2.3190322380065918
Sample some true labeles and predicted labels
tensor([8, 3, 3, 1, 8, 3, 8, 8, 3, 3, 1, 8, 3, 8, 1, 1, 8, 3, 3, 8],
       device='cuda:0')
tensor([8, 1, 3, 3, 2, 2, 4, 2, 3, 7, 1, 1, 7, 8, 6, 9, 7, 3, 9, 8],
       device='cuda:0')
epoch 0, test acc 0.1351135113511351,test loss 2.3203579188704624
Epoch:  0
Best acc:
0.147
Test acc:
[0.1351135113511351]
epoch 1, step 0, loss 2.210716485977173, Lx 2.2015421390533447, Lu 0.18348586559295654, Lu2 1.5366467237472534
Sample some true labeles and predicted labels
tensor([2, 5, 1, 8, 9, 2, 4, 2, 8, 7, 1, 9, 9, 7, 1, 5, 5, 8, 8, 2],
       device='cuda:0')
tensor([7, 5, 3, 9, 4, 1, 4, 2, 0, 7, 0, 3, 9, 2, 2, 5, 5, 1, 8, 6],
       device='cuda:0')
epoch 1, val acc 0.4575, val_loss 1.6567928552627564
Sample some true labeles and predicted labels
tensor([8, 1, 7, 1, 2, 9, 4, 8, 9, 1, 8, 1, 7, 8, 1, 1, 7, 9, 9, 8],
       device='cuda:0')
tensor([8, 1, 3, 3, 2, 2, 4, 2, 3, 7, 1, 1, 7, 8, 6, 9, 7, 3, 9, 8],
       device='cuda:0')
epoch 1, test acc 0.42044204420442044,test loss 1.7783266642484943
Epoch:  1
Best acc:
0.4575
Test acc:
[0.1351135113511351, 0.42044204420442044]
epoch 2, step 0, loss 2.344849109649658, Lx 2.2523393630981445, Lu 0.9250973463058472, Lu2 1.1354377269744873
Sample some true labeles and predicted labels
tensor([2, 5, 1, 9, 3, 2, 4, 2, 8, 7, 8, 1, 9, 7, 2, 5, 5, 9, 8, 2],
       device='cuda:0')
tensor([7, 5, 3, 9, 4, 1, 4, 2, 0, 7, 0, 3, 9, 2, 2, 5, 5, 1, 8, 6],
       device='cuda:0')
epoch 2, val acc 0.5785, val_loss 1.3475937719345092
Sample some true labeles and predicted labels
tensor([8, 1, 7, 3, 2, 9, 7, 1, 1, 7, 8, 1, 7, 8, 1, 9, 7, 9, 6, 8],
       device='cuda:0')
tensor([8, 1, 3, 3, 2, 2, 4, 2, 3, 7, 1, 1, 7, 8, 6, 9, 7, 3, 9, 8],
       device='cuda:0')
epoch 2, test acc 0.5198519851985198,test loss 1.5693410344213972
Epoch:  2
Best acc:
0.5785
Test acc:
[0.1351135113511351, 0.42044204420442044, 0.5198519851985198]
epoch 3, step 0, loss 1.7550195455551147, Lx 1.6821212768554688, Lu 0.48598822951316833, Lu2 1.1108900308609009
Sample some true labeles and predicted labels
tensor([2, 5, 4, 9, 4, 1, 4, 2, 8, 7, 0, 6, 9, 7, 2, 5, 5, 9, 8, 2],
       device='cuda:0')
tensor([7, 5, 3, 9, 4, 1, 4, 2, 0, 7, 0, 3, 9, 2, 2, 5, 5, 1, 8, 6],
       device='cuda:0')
epoch 3, val acc 0.645, val_loss 1.2263789434432983
Sample some true labeles and predicted labels
tensor([8, 1, 3, 3, 2, 9, 7, 6, 1, 4, 0, 0, 7, 6, 1, 9, 7, 3, 6, 8],
       device='cuda:0')
tensor([8, 1, 3, 3, 2, 2, 4, 2, 3, 7, 1, 1, 7, 8, 6, 9, 7, 3, 9, 8],
       device='cuda:0')
epoch 3, test acc 0.5676567656765676,test loss 1.4935333407131455
Epoch:  3
Best acc:
0.645
Test acc:
[0.1351135113511351, 0.42044204420442044, 0.5198519851985198, 0.5676567656765676]
epoch 4, step 0, loss 1.5520517826080322, Lx 1.4581692218780518, Lu 0.4694126844406128, Lu2 1.0575659275054932
Sample some true labeles and predicted labels
tensor([2, 5, 1, 9, 4, 2, 4, 2, 8, 7, 0, 1, 9, 7, 2, 5, 5, 0, 8, 2],
       device='cuda:0')
tensor([7, 5, 3, 9, 4, 1, 4, 2, 0, 7, 0, 3, 9, 2, 2, 5, 5, 1, 8, 6],
       device='cuda:0')
epoch 4, val acc 0.6315, val_loss 1.2355452108383178
Epoch:  4
Best acc:
0.645
Test acc:
[0.1351135113511351, 0.42044204420442044, 0.5198519851985198, 0.5676567656765676]
epoch 5, step 0, loss 1.2897459268569946, Lx 1.2084614038467407, Lu 0.3251379132270813, Lu2 0.6455198526382446
Sample some true labeles and predicted labels
tensor([2, 5, 1, 5, 4, 2, 4, 2, 8, 7, 0, 6, 9, 7, 2, 5, 5, 9, 8, 2],
       device='cuda:0')
tensor([7, 5, 3, 9, 4, 1, 4, 2, 0, 7, 0, 3, 9, 2, 2, 5, 5, 1, 8, 6],
       device='cuda:0')
epoch 5, val acc 0.6435, val_loss 1.2118582820892334
Epoch:  5
Best acc:
0.645
Test acc:
[0.1351135113511351, 0.42044204420442044, 0.5198519851985198, 0.5676567656765676]
epoch 6, step 0, loss 1.4936068058013916, Lx 1.3678922653198242, Lu 0.4190483093261719, Lu2 0.9304258227348328
Sample some true labeles and predicted labels
tensor([7, 5, 2, 5, 4, 2, 4, 2, 8, 7, 0, 6, 9, 7, 2, 5, 5, 9, 8, 2],
       device='cuda:0')
tensor([7, 5, 3, 9, 4, 1, 4, 2, 0, 7, 0, 3, 9, 2, 2, 5, 5, 1, 8, 6],
       device='cuda:0')
epoch 6, val acc 0.6435, val_loss 1.2284839916229249
Epoch:  6
Best acc:
0.645
Test acc:
[0.1351135113511351, 0.42044204420442044, 0.5198519851985198, 0.5676567656765676]
epoch 7, step 0, loss 1.1277648210525513, Lx 1.02838134765625, Lu 0.28395289182662964, Lu2 0.6237823963165283
Sample some true labeles and predicted labels
tensor([7, 5, 4, 5, 4, 2, 4, 2, 8, 7, 0, 6, 9, 7, 2, 5, 5, 9, 8, 2],
       device='cuda:0')
tensor([7, 5, 3, 9, 4, 1, 4, 2, 0, 7, 0, 3, 9, 2, 2, 5, 5, 1, 8, 6],
       device='cuda:0')
epoch 7, val acc 0.659, val_loss 1.168825159072876
Sample some true labeles and predicted labels
tensor([8, 1, 1, 3, 2, 9, 4, 2, 1, 4, 0, 1, 7, 7, 4, 9, 7, 3, 6, 8],
       device='cuda:0')
tensor([8, 1, 3, 3, 2, 2, 4, 2, 3, 7, 1, 1, 7, 8, 6, 9, 7, 3, 9, 8],
       device='cuda:0')
epoch 7, test acc 0.5875587558755876,test loss 1.4850519144102292
Epoch:  7
Best acc:
0.659
Test acc:
[0.1351135113511351, 0.42044204420442044, 0.5198519851985198, 0.5676567656765676, 0.5875587558755876]
epoch 8, step 0, loss 0.8007615208625793, Lx 0.6712089776992798, Lu 0.3238813877105713, Lu2 0.6269437670707703
Sample some true labeles and predicted labels
tensor([2, 5, 2, 5, 4, 2, 4, 2, 8, 7, 1, 6, 9, 7, 2, 5, 5, 9, 8, 2],
       device='cuda:0')
tensor([7, 5, 3, 9, 4, 1, 4, 2, 0, 7, 0, 3, 9, 2, 2, 5, 5, 1, 8, 6],
       device='cuda:0')
epoch 8, val acc 0.663, val_loss 1.2275461254119873
Sample some true labeles and predicted labels
tensor([8, 1, 1, 3, 2, 6, 7, 2, 1, 4, 1, 1, 7, 7, 4, 9, 7, 3, 6, 8],
       device='cuda:0')
tensor([8, 1, 3, 3, 2, 2, 4, 2, 3, 7, 1, 1, 7, 8, 6, 9, 7, 3, 9, 8],
       device='cuda:0')
epoch 8, test acc 0.5950595059505951,test loss 1.4924972168933583
Epoch:  8
Best acc:
0.663
Test acc:
[0.1351135113511351, 0.42044204420442044, 0.5198519851985198, 0.5676567656765676, 0.5875587558755876, 0.5950595059505951]
epoch 9, step 0, loss 1.3872748613357544, Lx 1.0904576778411865, Lu 0.6595938205718994, Lu2 0.47421082854270935
Sample some true labeles and predicted labels
tensor([2, 5, 2, 5, 4, 2, 4, 2, 8, 7, 0, 6, 9, 7, 2, 5, 5, 8, 8, 2],
       device='cuda:0')
tensor([7, 5, 3, 9, 4, 1, 4, 2, 0, 7, 0, 3, 9, 2, 2, 5, 5, 1, 8, 6],
       device='cuda:0')
epoch 9, val acc 0.6585, val_loss 1.2902051048278809
Epoch:  9
Best acc:
0.663
Test acc:
[0.1351135113511351, 0.42044204420442044, 0.5198519851985198, 0.5676567656765676, 0.5875587558755876, 0.5950595059505951]
epoch 10, step 0, loss 1.4963297843933105, Lx 1.3030675649642944, Lu 0.3865245580673218, Lu2 0.8813003301620483
Sample some true labeles and predicted labels
tensor([7, 5, 4, 9, 4, 2, 4, 2, 8, 7, 0, 6, 9, 7, 2, 5, 5, 9, 8, 2],
       device='cuda:0')
tensor([7, 5, 3, 9, 4, 1, 4, 2, 0, 7, 0, 3, 9, 2, 2, 5, 5, 1, 8, 6],
       device='cuda:0')
epoch 10, val acc 0.669, val_loss 1.209295726776123
Sample some true labeles and predicted labels
tensor([8, 1, 1, 3, 2, 8, 7, 2, 2, 7, 0, 1, 7, 7, 4, 9, 7, 3, 6, 8],
       device='cuda:0')
tensor([8, 1, 3, 3, 2, 2, 4, 2, 3, 7, 1, 1, 7, 8, 6, 9, 7, 3, 9, 8],
       device='cuda:0')
epoch 10, test acc 0.5821582158215821,test loss 1.6423288740531385
Epoch:  10
Best acc:
0.669
Test acc:
[0.1351135113511351, 0.42044204420442044, 0.5198519851985198, 0.5676567656765676, 0.5875587558755876, 0.5950595059505951, 0.5821582158215821]
epoch 11, step 0, loss 0.534896194934845, Lx 0.41376635432243347, Lu 0.22023610770702362, Lu2 0.259318470954895
Sample some true labeles and predicted labels
tensor([2, 5, 1, 9, 4, 1, 4, 2, 8, 7, 0, 6, 9, 7, 2, 5, 5, 8, 8, 2],
       device='cuda:0')
tensor([7, 5, 3, 9, 4, 1, 4, 2, 0, 7, 0, 3, 9, 2, 2, 5, 5, 1, 8, 6],
       device='cuda:0')
epoch 11, val acc 0.6565, val_loss 1.30916676902771
Epoch:  11
Best acc:
0.669
Test acc:
[0.1351135113511351, 0.42044204420442044, 0.5198519851985198, 0.5676567656765676, 0.5875587558755876, 0.5950595059505951, 0.5821582158215821]
epoch 12, step 0, loss 1.0536662340164185, Lx 0.8283864259719849, Lu 0.37546634674072266, Lu2 0.3857133090496063
Sample some true labeles and predicted labels
tensor([2, 5, 2, 5, 4, 2, 4, 2, 8, 7, 0, 6, 9, 7, 2, 5, 5, 9, 8, 2],
       device='cuda:0')
tensor([7, 5, 3, 9, 4, 1, 4, 2, 0, 7, 0, 3, 9, 2, 2, 5, 5, 1, 8, 6],
       device='cuda:0')
epoch 12, val acc 0.6595, val_loss 1.2707264633178712
Epoch:  12
Best acc:
0.669
Test acc:
[0.1351135113511351, 0.42044204420442044, 0.5198519851985198, 0.5676567656765676, 0.5875587558755876, 0.5950595059505951, 0.5821582158215821]
epoch 13, step 0, loss 0.5613086819648743, Lx 0.46113458275794983, Lu 0.1541140377521515, Lu2 0.2946180999279022
Sample some true labeles and predicted labels
tensor([2, 5, 2, 9, 4, 2, 4, 2, 8, 7, 0, 1, 9, 7, 2, 5, 5, 9, 8, 2],
       device='cuda:0')
tensor([7, 5, 3, 9, 4, 1, 4, 2, 0, 7, 0, 3, 9, 2, 2, 5, 5, 1, 8, 6],
       device='cuda:0')
epoch 13, val acc 0.6625, val_loss 1.2763612270355225
Epoch:  13
Best acc:
0.669
Test acc:
[0.1351135113511351, 0.42044204420442044, 0.5198519851985198, 0.5676567656765676, 0.5875587558755876, 0.5950595059505951, 0.5821582158215821]
epoch 14, step 0, loss 0.8415586948394775, Lx 0.45006805658340454, Lu 0.5592724084854126, Lu2 0.20376121997833252
Sample some true labeles and predicted labels
tensor([7, 5, 2, 5, 4, 2, 4, 2, 8, 7, 0, 1, 9, 7, 2, 5, 5, 9, 8, 2],
       device='cuda:0')
tensor([7, 5, 3, 9, 4, 1, 4, 2, 0, 7, 0, 3, 9, 2, 2, 5, 5, 1, 8, 6],
       device='cuda:0')
epoch 14, val acc 0.667, val_loss 1.2014729013442993
Epoch:  14
Best acc:
0.669
Test acc:
[0.1351135113511351, 0.42044204420442044, 0.5198519851985198, 0.5676567656765676, 0.5875587558755876, 0.5950595059505951, 0.5821582158215821]
epoch 15, step 0, loss 1.2081350088119507, Lx 0.9266395568847656, Lu 0.37532728910446167, Lu2 0.4652814269065857
Sample some true labeles and predicted labels
tensor([7, 5, 2, 5, 4, 2, 4, 2, 8, 7, 0, 6, 9, 7, 2, 5, 5, 2, 8, 2],
       device='cuda:0')
tensor([7, 5, 3, 9, 4, 1, 4, 2, 0, 7, 0, 3, 9, 2, 2, 5, 5, 1, 8, 6],
       device='cuda:0')
epoch 15, val acc 0.6615, val_loss 1.2891142292022706
Epoch:  15
Best acc:
0.669
Test acc:
[0.1351135113511351, 0.42044204420442044, 0.5198519851985198, 0.5676567656765676, 0.5875587558755876, 0.5950595059505951, 0.5821582158215821]
epoch 16, step 0, loss 1.5617393255233765, Lx 1.1329196691513062, Lu 0.5360245108604431, Lu2 0.233432337641716
Sample some true labeles and predicted labels
tensor([7, 5, 2, 5, 4, 2, 4, 2, 8, 7, 0, 6, 9, 7, 2, 5, 5, 8, 8, 2],
       device='cuda:0')
tensor([7, 5, 3, 9, 4, 1, 4, 2, 0, 7, 0, 3, 9, 2, 2, 5, 5, 1, 8, 6],
       device='cuda:0')
epoch 16, val acc 0.66, val_loss 1.313509391784668
Epoch:  16
Best acc:
0.669
Test acc:
[0.1351135113511351, 0.42044204420442044, 0.5198519851985198, 0.5676567656765676, 0.5875587558755876, 0.5950595059505951, 0.5821582158215821]
epoch 17, step 0, loss 1.501643180847168, Lx 1.0143837928771973, Lu 0.5732463598251343, Lu2 0.6637423038482666
Sample some true labeles and predicted labels
tensor([7, 5, 2, 9, 4, 2, 4, 2, 8, 7, 0, 6, 9, 7, 2, 5, 5, 9, 8, 2],
       device='cuda:0')
tensor([7, 5, 3, 9, 4, 1, 4, 2, 0, 7, 0, 3, 9, 2, 2, 5, 5, 1, 8, 6],
       device='cuda:0')
epoch 17, val acc 0.671, val_loss 1.2666805648803712
Sample some true labeles and predicted labels
tensor([8, 1, 1, 3, 2, 8, 7, 2, 1, 7, 2, 1, 7, 7, 4, 9, 7, 3, 1, 8],
       device='cuda:0')
tensor([8, 1, 3, 3, 2, 2, 4, 2, 3, 7, 1, 1, 7, 8, 6, 9, 7, 3, 9, 8],
       device='cuda:0')
epoch 17, test acc 0.5915591559155916,test loss 1.6421298299244445
Epoch:  17
Best acc:
0.671
Test acc:
[0.1351135113511351, 0.42044204420442044, 0.5198519851985198, 0.5676567656765676, 0.5875587558755876, 0.5950595059505951, 0.5821582158215821, 0.5915591559155916]
epoch 18, step 0, loss 1.222334623336792, Lx 0.9569131135940552, Lu 0.2949128746986389, Lu2 0.34559664130210876
Sample some true labeles and predicted labels
tensor([7, 5, 4, 5, 4, 2, 4, 2, 8, 7, 0, 6, 9, 7, 2, 5, 5, 9, 8, 2],
       device='cuda:0')
tensor([7, 5, 3, 9, 4, 1, 4, 2, 0, 7, 0, 3, 9, 2, 2, 5, 5, 1, 8, 6],
       device='cuda:0')
epoch 18, val acc 0.6655, val_loss 1.401583724975586
Epoch:  18
Best acc:
0.671
Test acc:
[0.1351135113511351, 0.42044204420442044, 0.5198519851985198, 0.5676567656765676, 0.5875587558755876, 0.5950595059505951, 0.5821582158215821, 0.5915591559155916]
epoch 19, step 0, loss 0.7294951677322388, Lx 0.36716413497924805, Lu 0.38140106201171875, Lu2 0.2979276776313782
Sample some true labeles and predicted labels
tensor([7, 5, 2, 9, 4, 2, 4, 2, 8, 7, 0, 6, 9, 7, 2, 5, 5, 9, 8, 2],
       device='cuda:0')
tensor([7, 5, 3, 9, 4, 1, 4, 2, 0, 7, 0, 3, 9, 2, 2, 5, 5, 1, 8, 6],
       device='cuda:0')
epoch 19, val acc 0.662, val_loss 1.3489147071838379
Epoch:  19
Best acc:
0.671
Test acc:
[0.1351135113511351, 0.42044204420442044, 0.5198519851985198, 0.5676567656765676, 0.5875587558755876, 0.5950595059505951, 0.5821582158215821, 0.5915591559155916]
Finished training!
Best acc:
0.671
Test accs:
[0.1351135113511351, 0.42044204420442044, 0.5198519851985198, 0.5676567656765676, 0.5875587558755876, 0.5950595059505951, 0.5821582158215821, 0.5915591559155916]
val accs:
[0.147, 0.4575, 0.5785, 0.645, 0.6315, 0.6435, 0.6435, 0.659, 0.663, 0.6585, 0.669, 0.6565, 0.6595, 0.6625, 0.667, 0.6615, 0.66, 0.671, 0.6655, 0.662]
val_losses
[2.3190322380065918, 1.6567928552627564, 1.3475937719345092, 1.2263789434432983, 1.2355452108383178, 1.2118582820892334, 1.2284839916229249, 1.168825159072876, 1.2275461254119873, 1.2902051048278809, 1.209295726776123, 1.30916676902771, 1.2707264633178712, 1.2763612270355225, 1.2014729013442993, 1.2891142292022706, 1.313509391784668, 1.2666805648803712, 1.401583724975586, 1.3489147071838379]
