GPU num:  1
Whether mix:  True
Mix layers sets:  [7, 9, 12]
#Labeled: 200, Unlabeled 5000, Val 2000, Test 9999
epoch 0, step 0, loss 2.2863576412200928, Lx 2.280320644378662, Lu 0.08109400421380997, Lu2 1.5941576957702637
GPU num:  1
Whether mix:  True
Mix layers sets:  [7, 9, 12]
#Labeled: 200, Unlabeled 5000, Val 2000, Test 9999
epoch 0, step 0, loss 2.2033350467681885, Lx 2.1931254863739014, Lu 0.07459654659032822, Lu2 1.5963351726531982
Sample some true labeles and predicted labels
tensor([7, 7, 1, 1, 7, 7, 7, 7, 1, 1, 1, 7, 1, 7, 1, 7, 7, 7, 1, 7],
       device='cuda:0')
tensor([7, 5, 3, 9, 4, 1, 4, 2, 0, 7, 0, 3, 9, 2, 2, 5, 5, 1, 8, 6],
       device='cuda:0')
epoch 0, val acc 0.1295, val_loss 2.2875019550323485
Sample some true labeles and predicted labels
tensor([7, 7, 7, 1, 1, 7, 1, 1, 7, 1, 1, 1, 7, 7, 1, 1, 1, 7, 7, 1],
       device='cuda:0')
tensor([8, 1, 3, 3, 2, 2, 4, 2, 3, 7, 1, 1, 7, 8, 6, 9, 7, 3, 9, 8],
       device='cuda:0')
epoch 0, test acc 0.1075107510751075,test loss 2.3141544514721017
Epoch:  0
Best acc:
0.1295
Test acc:
[0.1075107510751075]
epoch 1, step 0, loss 2.337864398956299, Lx 2.326146125793457, Lu 0.18546971678733826, Lu2 1.5451602935791016
Sample some true labeles and predicted labels
tensor([2, 5, 1, 5, 3, 1, 4, 2, 8, 7, 1, 9, 9, 7, 2, 5, 5, 2, 8, 2],
       device='cuda:0')
tensor([7, 5, 3, 9, 4, 1, 4, 2, 0, 7, 0, 3, 9, 2, 2, 5, 5, 1, 8, 6],
       device='cuda:0')
epoch 1, val acc 0.5135, val_loss 1.6669201154708861
Sample some true labeles and predicted labels
tensor([8, 1, 7, 1, 2, 8, 1, 2, 1, 1, 2, 1, 8, 8, 1, 2, 7, 9, 6, 8],
       device='cuda:0')
tensor([8, 1, 3, 3, 2, 2, 4, 2, 3, 7, 1, 1, 7, 8, 6, 9, 7, 3, 9, 8],
       device='cuda:0')
epoch 1, test acc 0.46534653465346537,test loss 1.7591682956962422
Epoch:  1
Best acc:
0.5135
Test acc:
[0.1075107510751075, 0.46534653465346537]
epoch 2, step 0, loss 1.6384631395339966, Lx 1.5769970417022705, Lu 0.23639754951000214, Lu2 1.0899856090545654
Sample some true labeles and predicted labels
tensor([7, 5, 1, 5, 4, 1, 4, 2, 8, 7, 0, 1, 9, 7, 2, 5, 5, 0, 8, 2],
       device='cuda:0')
tensor([7, 5, 3, 9, 4, 1, 4, 2, 0, 7, 0, 3, 9, 2, 2, 5, 5, 1, 8, 6],
       device='cuda:0')
epoch 2, val acc 0.631, val_loss 1.2986523036956787
Sample some true labeles and predicted labels
tensor([8, 1, 7, 3, 2, 3, 4, 2, 1, 7, 1, 1, 7, 4, 4, 9, 7, 3, 6, 8],
       device='cuda:0')
tensor([8, 1, 3, 3, 2, 2, 4, 2, 3, 7, 1, 1, 7, 8, 6, 9, 7, 3, 9, 8],
       device='cuda:0')
epoch 2, test acc 0.562056205620562,test loss 1.495052203999506
Epoch:  2
Best acc:
0.631
Test acc:
[0.1075107510751075, 0.46534653465346537, 0.562056205620562]
epoch 3, step 0, loss 1.0972810983657837, Lx 1.0165475606918335, Lu 0.41084107756614685, Lu2 0.9889821410179138
Sample some true labeles and predicted labels
tensor([7, 5, 2, 5, 4, 1, 4, 2, 8, 7, 0, 6, 9, 7, 2, 5, 5, 0, 8, 2],
       device='cuda:0')
tensor([7, 5, 3, 9, 4, 1, 4, 2, 0, 7, 0, 3, 9, 2, 2, 5, 5, 1, 8, 6],
       device='cuda:0')
epoch 3, val acc 0.635, val_loss 1.2275210266113281
Sample some true labeles and predicted labels
tensor([8, 1, 7, 3, 2, 0, 4, 2, 1, 7, 1, 1, 7, 4, 6, 9, 7, 3, 6, 8],
       device='cuda:0')
tensor([8, 1, 3, 3, 2, 2, 4, 2, 3, 7, 1, 1, 7, 8, 6, 9, 7, 3, 9, 8],
       device='cuda:0')
epoch 3, test acc 0.5653565356535654,test loss 1.4391383736333152
Epoch:  3
Best acc:
0.635
Test acc:
[0.1075107510751075, 0.46534653465346537, 0.562056205620562, 0.5653565356535654]
epoch 4, step 0, loss 1.8884786367416382, Lx 1.6763629913330078, Lu 0.2743522524833679, Lu2 1.0095062255859375
Sample some true labeles and predicted labels
tensor([2, 5, 2, 5, 4, 1, 4, 2, 8, 7, 0, 6, 9, 7, 2, 5, 5, 9, 8, 2],
       device='cuda:0')
tensor([7, 5, 3, 9, 4, 1, 4, 2, 0, 7, 0, 3, 9, 2, 2, 5, 5, 1, 8, 6],
       device='cuda:0')
epoch 4, val acc 0.6515, val_loss 1.1944890279769897
Sample some true labeles and predicted labels
tensor([8, 1, 7, 3, 2, 9, 4, 2, 1, 7, 1, 1, 7, 7, 1, 9, 7, 3, 6, 8],
       device='cuda:0')
tensor([8, 1, 3, 3, 2, 2, 4, 2, 3, 7, 1, 1, 7, 8, 6, 9, 7, 3, 9, 8],
       device='cuda:0')
epoch 4, test acc 0.5724572457245725,test loss 1.482447807044193
Epoch:  4
Best acc:
0.6515
Test acc:
[0.1075107510751075, 0.46534653465346537, 0.562056205620562, 0.5653565356535654, 0.5724572457245725]
epoch 5, step 0, loss 1.2171763181686401, Lx 0.9207982420921326, Lu 0.5537834167480469, Lu2 0.9223740100860596
Sample some true labeles and predicted labels
tensor([7, 5, 1, 9, 4, 1, 4, 2, 7, 7, 0, 1, 9, 7, 2, 5, 5, 9, 8, 2],
       device='cuda:0')
tensor([7, 5, 3, 9, 4, 1, 4, 2, 0, 7, 0, 3, 9, 2, 2, 5, 5, 1, 8, 6],
       device='cuda:0')
epoch 5, val acc 0.6485, val_loss 1.1784605464935303
Epoch:  5
Best acc:
0.6515
Test acc:
[0.1075107510751075, 0.46534653465346537, 0.562056205620562, 0.5653565356535654, 0.5724572457245725]
epoch 6, step 0, loss 1.3956546783447266, Lx 1.210272192955017, Lu 0.4729996919631958, Lu2 0.7284398078918457
Sample some true labeles and predicted labels
tensor([2, 5, 2, 9, 4, 2, 4, 2, 8, 7, 0, 6, 9, 7, 2, 5, 5, 9, 8, 2],
       device='cuda:0')
tensor([7, 5, 3, 9, 4, 1, 4, 2, 0, 7, 0, 3, 9, 2, 2, 5, 5, 1, 8, 6],
       device='cuda:0')
epoch 6, val acc 0.643, val_loss 1.2305692472457885
Epoch:  6
Best acc:
0.6515
Test acc:
[0.1075107510751075, 0.46534653465346537, 0.562056205620562, 0.5653565356535654, 0.5724572457245725]
epoch 7, step 0, loss 1.3682808876037598, Lx 1.1852715015411377, Lu 0.3653140664100647, Lu2 0.43867528438568115
Sample some true labeles and predicted labels
tensor([2, 5, 2, 5, 4, 2, 4, 2, 8, 7, 0, 6, 9, 5, 2, 5, 5, 8, 8, 2],
       device='cuda:0')
tensor([7, 5, 3, 9, 4, 1, 4, 2, 0, 7, 0, 3, 9, 2, 2, 5, 5, 1, 8, 6],
       device='cuda:0')
epoch 7, val acc 0.655, val_loss 1.1875176525115967
Sample some true labeles and predicted labels
tensor([8, 1, 1, 3, 2, 2, 4, 2, 1, 7, 1, 1, 7, 4, 4, 9, 7, 3, 6, 8],
       device='cuda:0')
tensor([8, 1, 3, 3, 2, 2, 4, 2, 3, 7, 1, 1, 7, 8, 6, 9, 7, 3, 9, 8],
       device='cuda:0')
epoch 7, test acc 0.5887588758875888,test loss 1.4435592903257763
Epoch:  7
Best acc:
0.655
Test acc:
[0.1075107510751075, 0.46534653465346537, 0.562056205620562, 0.5653565356535654, 0.5724572457245725, 0.5887588758875888]
epoch 8, step 0, loss 0.7062417268753052, Lx 0.5781593322753906, Lu 0.17985603213310242, Lu2 0.4424942135810852
Sample some true labeles and predicted labels
tensor([2, 5, 4, 5, 4, 2, 4, 2, 8, 7, 0, 6, 9, 7, 2, 5, 5, 9, 8, 2],
       device='cuda:0')
tensor([7, 5, 3, 9, 4, 1, 4, 2, 0, 7, 0, 3, 9, 2, 2, 5, 5, 1, 8, 6],
       device='cuda:0')
epoch 8, val acc 0.6655, val_loss 1.1315571308135985
Sample some true labeles and predicted labels
tensor([8, 1, 7, 3, 2, 9, 7, 2, 1, 7, 1, 1, 7, 7, 1, 9, 7, 3, 6, 0],
       device='cuda:0')
tensor([8, 1, 3, 3, 2, 2, 4, 2, 3, 7, 1, 1, 7, 8, 6, 9, 7, 3, 9, 8],
       device='cuda:0')
epoch 8, test acc 0.5861586158615861,test loss 1.4745848300707605
Epoch:  8
Best acc:
0.6655
Test acc:
[0.1075107510751075, 0.46534653465346537, 0.562056205620562, 0.5653565356535654, 0.5724572457245725, 0.5887588758875888, 0.5861586158615861]
epoch 9, step 0, loss 1.4147801399230957, Lx 1.2683833837509155, Lu 0.3106277287006378, Lu2 0.32279905676841736
Sample some true labeles and predicted labels
tensor([2, 5, 2, 5, 4, 2, 4, 2, 8, 7, 0, 6, 9, 7, 2, 5, 5, 9, 8, 2],
       device='cuda:0')
tensor([7, 5, 3, 9, 4, 1, 4, 2, 0, 7, 0, 3, 9, 2, 2, 5, 5, 1, 8, 6],
       device='cuda:0')
epoch 9, val acc 0.6715, val_loss 1.1361248998641968
Sample some true labeles and predicted labels
tensor([8, 1, 7, 3, 2, 8, 7, 2, 1, 7, 1, 0, 7, 7, 4, 9, 7, 3, 6, 8],
       device='cuda:0')
tensor([8, 1, 3, 3, 2, 2, 4, 2, 3, 7, 1, 1, 7, 8, 6, 9, 7, 3, 9, 8],
       device='cuda:0')
epoch 9, test acc 0.5845584558455845,test loss 1.5051231108518681
Epoch:  9
Best acc:
0.6715
Test acc:
[0.1075107510751075, 0.46534653465346537, 0.562056205620562, 0.5653565356535654, 0.5724572457245725, 0.5887588758875888, 0.5861586158615861, 0.5845584558455845]
epoch 10, step 0, loss 2.2996106147766113, Lx 2.0107574462890625, Lu 0.4570591449737549, Lu2 0.7571671009063721
Sample some true labeles and predicted labels
tensor([2, 5, 1, 5, 4, 2, 4, 2, 8, 7, 0, 6, 9, 7, 2, 5, 5, 9, 8, 2],
       device='cuda:0')
tensor([7, 5, 3, 9, 4, 1, 4, 2, 0, 7, 0, 3, 9, 2, 2, 5, 5, 1, 8, 6],
       device='cuda:0')
epoch 10, val acc 0.6775, val_loss 1.1387850360870362
Sample some true labeles and predicted labels
tensor([8, 1, 1, 3, 2, 2, 7, 2, 1, 7, 0, 1, 7, 6, 4, 9, 7, 3, 1, 8],
       device='cuda:0')
tensor([8, 1, 3, 3, 2, 2, 4, 2, 3, 7, 1, 1, 7, 8, 6, 9, 7, 3, 9, 8],
       device='cuda:0')
epoch 10, test acc 0.5873587358735873,test loss 1.4975079107384692
Epoch:  10
Best acc:
0.6775
Test acc:
[0.1075107510751075, 0.46534653465346537, 0.562056205620562, 0.5653565356535654, 0.5724572457245725, 0.5887588758875888, 0.5861586158615861, 0.5845584558455845, 0.5873587358735873]
epoch 11, step 0, loss 1.600714087486267, Lx 1.2233753204345703, Lu 0.3461345136165619, Lu2 0.6252613067626953
Sample some true labeles and predicted labels
tensor([7, 5, 4, 5, 4, 1, 4, 2, 8, 7, 0, 6, 9, 7, 2, 5, 5, 0, 8, 2],
       device='cuda:0')
tensor([7, 5, 3, 9, 4, 1, 4, 2, 0, 7, 0, 3, 9, 2, 2, 5, 5, 1, 8, 6],
       device='cuda:0')
epoch 11, val acc 0.6645, val_loss 1.1385382318496704
Epoch:  11
Best acc:
0.6775
Test acc:
[0.1075107510751075, 0.46534653465346537, 0.562056205620562, 0.5653565356535654, 0.5724572457245725, 0.5887588758875888, 0.5861586158615861, 0.5845584558455845, 0.5873587358735873]
epoch 12, step 0, loss 1.1485786437988281, Lx 0.9036277532577515, Lu 0.3096749782562256, Lu2 0.3730853199958801
Sample some true labeles and predicted labels
tensor([7, 5, 1, 5, 4, 2, 4, 2, 8, 7, 0, 6, 9, 5, 2, 5, 5, 9, 8, 2],
       device='cuda:0')
tensor([7, 5, 3, 9, 4, 1, 4, 2, 0, 7, 0, 3, 9, 2, 2, 5, 5, 1, 8, 6],
       device='cuda:0')
epoch 12, val acc 0.671, val_loss 1.1664559240341186
Epoch:  12
Best acc:
0.6775
Test acc:
[0.1075107510751075, 0.46534653465346537, 0.562056205620562, 0.5653565356535654, 0.5724572457245725, 0.5887588758875888, 0.5861586158615861, 0.5845584558455845, 0.5873587358735873]
epoch 13, step 0, loss 0.967404842376709, Lx 0.7978552579879761, Lu 0.24961692094802856, Lu2 0.4363466501235962
Sample some true labeles and predicted labels
tensor([7, 5, 1, 5, 4, 1, 4, 2, 8, 7, 0, 1, 9, 7, 2, 5, 5, 9, 8, 2],
       device='cuda:0')
tensor([7, 5, 3, 9, 4, 1, 4, 2, 0, 7, 0, 3, 9, 2, 2, 5, 5, 1, 8, 6],
       device='cuda:0')
epoch 13, val acc 0.6685, val_loss 1.1979207878112792
Epoch:  13
Best acc:
0.6775
Test acc:
[0.1075107510751075, 0.46534653465346537, 0.562056205620562, 0.5653565356535654, 0.5724572457245725, 0.5887588758875888, 0.5861586158615861, 0.5845584558455845, 0.5873587358735873]
epoch 14, step 0, loss 1.3302924633026123, Lx 0.8944028615951538, Lu 0.3299234211444855, Lu2 0.3939327001571655
Sample some true labeles and predicted labels
tensor([2, 5, 2, 5, 4, 2, 4, 2, 8, 7, 0, 6, 9, 7, 2, 5, 5, 9, 8, 2],
       device='cuda:0')
tensor([7, 5, 3, 9, 4, 1, 4, 2, 0, 7, 0, 3, 9, 2, 2, 5, 5, 1, 8, 6],
       device='cuda:0')
epoch 14, val acc 0.6735, val_loss 1.2131522073745729
Epoch:  14
Best acc:
0.6775
Test acc:
[0.1075107510751075, 0.46534653465346537, 0.562056205620562, 0.5653565356535654, 0.5724572457245725, 0.5887588758875888, 0.5861586158615861, 0.5845584558455845, 0.5873587358735873]
epoch 15, step 0, loss 1.1902036666870117, Lx 1.0430312156677246, Lu 0.17550715804100037, Lu2 0.36327654123306274
Sample some true labeles and predicted labels
tensor([2, 5, 2, 5, 4, 2, 4, 2, 8, 7, 0, 6, 9, 7, 2, 5, 5, 9, 8, 2],
       device='cuda:0')
tensor([7, 5, 3, 9, 4, 1, 4, 2, 0, 7, 0, 3, 9, 2, 2, 5, 5, 1, 8, 6],
       device='cuda:0')
epoch 15, val acc 0.665, val_loss 1.2275168380737305
Epoch:  15
Best acc:
0.6775
Test acc:
[0.1075107510751075, 0.46534653465346537, 0.562056205620562, 0.5653565356535654, 0.5724572457245725, 0.5887588758875888, 0.5861586158615861, 0.5845584558455845, 0.5873587358735873]
epoch 16, step 0, loss 0.9625909328460693, Lx 0.49510788917541504, Lu 0.3787412643432617, Lu2 0.1662670373916626
Sample some true labeles and predicted labels
tensor([2, 5, 4, 5, 4, 2, 4, 2, 8, 7, 0, 6, 9, 7, 2, 5, 5, 9, 8, 2],
       device='cuda:0')
tensor([7, 5, 3, 9, 4, 1, 4, 2, 0, 7, 0, 3, 9, 2, 2, 5, 5, 1, 8, 6],
       device='cuda:0')
epoch 16, val acc 0.6745, val_loss 1.2308699340820313
Epoch:  16
Best acc:
0.6775
Test acc:
[0.1075107510751075, 0.46534653465346537, 0.562056205620562, 0.5653565356535654, 0.5724572457245725, 0.5887588758875888, 0.5861586158615861, 0.5845584558455845, 0.5873587358735873]
epoch 17, step 0, loss 0.7416210174560547, Lx 0.5187168717384338, Lu 0.23945245146751404, Lu2 0.1690591275691986
Sample some true labeles and predicted labels
tensor([7, 5, 1, 5, 4, 1, 4, 2, 8, 7, 0, 6, 9, 7, 2, 5, 5, 9, 8, 2],
       device='cuda:0')
tensor([7, 5, 3, 9, 4, 1, 4, 2, 0, 7, 0, 3, 9, 2, 2, 5, 5, 1, 8, 6],
       device='cuda:0')
epoch 17, val acc 0.6645, val_loss 1.2875002899169923
Epoch:  17
Best acc:
0.6775
Test acc:
[0.1075107510751075, 0.46534653465346537, 0.562056205620562, 0.5653565356535654, 0.5724572457245725, 0.5887588758875888, 0.5861586158615861, 0.5845584558455845, 0.5873587358735873]
epoch 18, step 0, loss 1.6162055730819702, Lx 1.4071598052978516, Lu 0.22682809829711914, Lu2 0.25330719351768494
Sample some true labeles and predicted labels
tensor([7, 5, 4, 5, 4, 2, 4, 2, 8, 7, 0, 6, 9, 7, 2, 5, 5, 9, 8, 2],
       device='cuda:0')
tensor([7, 5, 3, 9, 4, 1, 4, 2, 0, 7, 0, 3, 9, 2, 2, 5, 5, 1, 8, 6],
       device='cuda:0')
epoch 18, val acc 0.6685, val_loss 1.2083828716278076
Epoch:  18
Best acc:
0.6775
Test acc:
[0.1075107510751075, 0.46534653465346537, 0.562056205620562, 0.5653565356535654, 0.5724572457245725, 0.5887588758875888, 0.5861586158615861, 0.5845584558455845, 0.5873587358735873]
epoch 19, step 0, loss 1.4108264446258545, Lx 0.8426030874252319, Lu 0.5274706482887268, Lu2 0.4749661087989807
Sample some true labeles and predicted labels
tensor([7, 5, 1, 5, 4, 1, 4, 2, 8, 7, 0, 6, 9, 7, 2, 5, 5, 9, 8, 2],
       device='cuda:0')
tensor([7, 5, 3, 9, 4, 1, 4, 2, 0, 7, 0, 3, 9, 2, 2, 5, 5, 1, 8, 6],
       device='cuda:0')
epoch 19, val acc 0.6755, val_loss 1.2483938846588134
Epoch:  19
Best acc:
0.6775
Test acc:
[0.1075107510751075, 0.46534653465346537, 0.562056205620562, 0.5653565356535654, 0.5724572457245725, 0.5887588758875888, 0.5861586158615861, 0.5845584558455845, 0.5873587358735873]
Finished training!
Best acc:
0.6775
Test accs:
