GPU num:  1
Whether mix:  True
Mix layers sets:  [7, 9, 12]
#Labeled: 200, Unlabeled 5000, Val 2000, Test 9999
epoch 0, step 0, loss 2.2651937007904053, Lx 2.26198148727417, Lu 0.07092756032943726, Lu2 1.5977187156677246
Sample some true labeles and predicted labels
tensor([7, 7, 1, 8, 7, 7, 7, 8, 8, 8, 1, 7, 1, 7, 1, 7, 7, 7, 8, 7],
       device='cuda:0')
tensor([7, 5, 3, 9, 4, 1, 4, 2, 0, 7, 0, 3, 9, 2, 2, 5, 5, 1, 8, 6],
       device='cuda:0')
epoch 0, val acc 0.1755, val_loss 2.287806022644043
Sample some true labeles and predicted labels
tensor([7, 7, 7, 1, 2, 7, 8, 8, 7, 7, 1, 8, 7, 7, 1, 1, 7, 7, 7, 8],
       device='cuda:0')
tensor([8, 1, 3, 3, 2, 2, 4, 2, 3, 7, 1, 1, 7, 8, 6, 9, 7, 3, 9, 8],
       device='cuda:0')
epoch 0, test acc 0.14451445144514452,test loss 2.2840265832623072
Epoch:  0
Best acc:
0.1755
Test acc:
[0.14451445144514452]
epoch 1, step 0, loss 2.517889976501465, Lx 2.5057787895202637, Lu 0.09911476820707321, Lu2 1.5512645244598389
Sample some true labeles and predicted labels
tensor([2, 5, 4, 9, 4, 3, 4, 2, 8, 4, 1, 9, 9, 3, 1, 5, 5, 9, 8, 2],
       device='cuda:0')
tensor([7, 5, 3, 9, 4, 1, 4, 2, 0, 7, 0, 3, 9, 2, 2, 5, 5, 1, 8, 6],
       device='cuda:0')
epoch 1, val acc 0.51, val_loss 1.6515546159744263
Sample some true labeles and predicted labels
tensor([8, 1, 3, 1, 2, 9, 4, 9, 3, 3, 1, 1, 3, 4, 4, 1, 7, 9, 9, 8],
       device='cuda:0')
tensor([8, 1, 3, 3, 2, 2, 4, 2, 3, 7, 1, 1, 7, 8, 6, 9, 7, 3, 9, 8],
       device='cuda:0')
epoch 1, test acc 0.47124712471247127,test loss 1.699443846276336
Epoch:  1
Best acc:
0.51
Test acc:
[0.14451445144514452, 0.47124712471247127]
epoch 2, step 0, loss 2.4666807651519775, Lx 2.22397780418396, Lu 0.5143295526504517, Lu2 1.3279417753219604
Sample some true labeles and predicted labels
tensor([2, 5, 1, 9, 4, 2, 4, 2, 8, 7, 0, 6, 9, 5, 2, 5, 5, 0, 8, 2],
       device='cuda:0')
tensor([7, 5, 3, 9, 4, 1, 4, 2, 0, 7, 0, 3, 9, 2, 2, 5, 5, 1, 8, 6],
       device='cuda:0')
epoch 2, val acc 0.633, val_loss 1.297259202003479
Sample some true labeles and predicted labels
tensor([8, 1, 7, 1, 2, 0, 4, 2, 3, 0, 1, 1, 7, 8, 1, 9, 7, 0, 1, 8],
       device='cuda:0')
tensor([8, 1, 3, 3, 2, 2, 4, 2, 3, 7, 1, 1, 7, 8, 6, 9, 7, 3, 9, 8],
       device='cuda:0')
epoch 2, test acc 0.5569556955695569,test loss 1.4829123023748756
Epoch:  2
Best acc:
0.633
Test acc:
[0.14451445144514452, 0.47124712471247127, 0.5569556955695569]
epoch 3, step 0, loss 1.2987627983093262, Lx 0.9808676242828369, Lu 0.4444364309310913, Lu2 1.3461440801620483
Sample some true labeles and predicted labels
tensor([2, 5, 2, 5, 4, 1, 4, 2, 8, 7, 0, 6, 9, 7, 2, 5, 5, 0, 8, 2],
       device='cuda:0')
tensor([7, 5, 3, 9, 4, 1, 4, 2, 0, 7, 0, 3, 9, 2, 2, 5, 5, 1, 8, 6],
       device='cuda:0')
epoch 3, val acc 0.64, val_loss 1.244711893081665
Sample some true labeles and predicted labels
tensor([8, 1, 7, 3, 2, 0, 4, 2, 3, 7, 8, 1, 7, 4, 4, 9, 7, 3, 7, 8],
       device='cuda:0')
tensor([8, 1, 3, 3, 2, 2, 4, 2, 3, 7, 1, 1, 7, 8, 6, 9, 7, 3, 9, 8],
       device='cuda:0')
epoch 3, test acc 0.5626562656265627,test loss 1.5038460820707658
Epoch:  3
Best acc:
0.64
Test acc:
[0.14451445144514452, 0.47124712471247127, 0.5569556955695569, 0.5626562656265627]
epoch 4, step 0, loss 1.0450736284255981, Lx 0.9318015575408936, Lu 0.4201588034629822, Lu2 0.9154309034347534
Sample some true labeles and predicted labels
tensor([2, 5, 2, 5, 4, 1, 4, 2, 8, 7, 0, 6, 9, 7, 2, 5, 5, 0, 8, 2],
       device='cuda:0')
tensor([7, 5, 3, 9, 4, 1, 4, 2, 0, 7, 0, 3, 9, 2, 2, 5, 5, 1, 8, 6],
       device='cuda:0')
epoch 4, val acc 0.65, val_loss 1.1573490476608277
Sample some true labeles and predicted labels
tensor([8, 1, 7, 3, 2, 0, 7, 2, 3, 0, 0, 1, 7, 4, 4, 9, 7, 3, 6, 8],
       device='cuda:0')
tensor([8, 1, 3, 3, 2, 2, 4, 2, 3, 7, 1, 1, 7, 8, 6, 9, 7, 3, 9, 8],
       device='cuda:0')
epoch 4, test acc 0.577057705770577,test loss 1.4207256794786534
Epoch:  4
Best acc:
0.65
Test acc:
[0.14451445144514452, 0.47124712471247127, 0.5569556955695569, 0.5626562656265627, 0.577057705770577]
epoch 5, step 0, loss 1.3123222589492798, Lx 1.064894676208496, Lu 0.42187246680259705, Lu2 0.704477071762085
Sample some true labeles and predicted labels
tensor([7, 5, 4, 9, 4, 2, 4, 2, 8, 7, 0, 6, 9, 7, 2, 5, 5, 9, 8, 2],
       device='cuda:0')
tensor([7, 5, 3, 9, 4, 1, 4, 2, 0, 7, 0, 3, 9, 2, 2, 5, 5, 1, 8, 6],
       device='cuda:0')
epoch 5, val acc 0.65, val_loss 1.1661269721984864
Sample some true labeles and predicted labels
tensor([8, 1, 7, 3, 2, 3, 4, 2, 1, 7, 8, 1, 7, 4, 4, 9, 7, 3, 1, 8],
       device='cuda:0')
tensor([8, 1, 3, 3, 2, 2, 4, 2, 3, 7, 1, 1, 7, 8, 6, 9, 7, 3, 9, 8],
       device='cuda:0')
epoch 5, test acc 0.5712571257125713,test loss 1.4781310179672524
Epoch:  5
Best acc:
0.65
Test acc:
[0.14451445144514452, 0.47124712471247127, 0.5569556955695569, 0.5626562656265627, 0.577057705770577, 0.5712571257125713]
epoch 6, step 0, loss 1.8849923610687256, Lx 1.5197473764419556, Lu 0.3570556044578552, Lu2 0.7714402675628662
Sample some true labeles and predicted labels
tensor([7, 5, 2, 5, 4, 1, 4, 2, 8, 7, 0, 6, 9, 5, 2, 5, 5, 0, 8, 2],
       device='cuda:0')
tensor([7, 5, 3, 9, 4, 1, 4, 2, 0, 7, 0, 3, 9, 2, 2, 5, 5, 1, 8, 6],
       device='cuda:0')
epoch 6, val acc 0.6495, val_loss 1.1873291091918945
Epoch:  6
Best acc:
0.65
Test acc:
[0.14451445144514452, 0.47124712471247127, 0.5569556955695569, 0.5626562656265627, 0.577057705770577, 0.5712571257125713]
epoch 7, step 0, loss 0.997321367263794, Lx 0.8657141923904419, Lu 0.32079559564590454, Lu2 0.6100590229034424
Sample some true labeles and predicted labels
tensor([7, 5, 2, 9, 4, 2, 4, 2, 8, 7, 0, 6, 9, 7, 2, 7, 5, 9, 8, 2],
       device='cuda:0')
tensor([7, 5, 3, 9, 4, 1, 4, 2, 0, 7, 0, 3, 9, 2, 2, 5, 5, 1, 8, 6],
       device='cuda:0')
epoch 7, val acc 0.6405, val_loss 1.2332036390304566
Epoch:  7
Best acc:
0.65
Test acc:
[0.14451445144514452, 0.47124712471247127, 0.5569556955695569, 0.5626562656265627, 0.577057705770577, 0.5712571257125713]
epoch 8, step 0, loss 1.1697372198104858, Lx 0.9320954084396362, Lu 0.38235992193222046, Lu2 0.5306205749511719
Sample some true labeles and predicted labels
tensor([2, 5, 2, 9, 4, 2, 4, 2, 8, 7, 0, 6, 9, 7, 2, 5, 5, 2, 8, 2],
       device='cuda:0')
tensor([7, 5, 3, 9, 4, 1, 4, 2, 0, 7, 0, 3, 9, 2, 2, 5, 5, 1, 8, 6],
       device='cuda:0')
epoch 8, val acc 0.656, val_loss 1.1795487966537475
Sample some true labeles and predicted labels
tensor([8, 1, 1, 3, 2, 8, 7, 2, 1, 7, 8, 1, 7, 4, 4, 9, 7, 3, 1, 8],
       device='cuda:0')
tensor([8, 1, 3, 3, 2, 2, 4, 2, 3, 7, 1, 1, 7, 8, 6, 9, 7, 3, 9, 8],
       device='cuda:0')
epoch 8, test acc 0.5725572557255726,test loss 1.5856103797783456
Epoch:  8
Best acc:
0.656
Test acc:
[0.14451445144514452, 0.47124712471247127, 0.5569556955695569, 0.5626562656265627, 0.577057705770577, 0.5712571257125713, 0.5725572557255726]
epoch 9, step 0, loss 1.3060386180877686, Lx 1.1052658557891846, Lu 0.2343555986881256, Lu2 0.4413364827632904
Sample some true labeles and predicted labels
tensor([7, 5, 2, 5, 4, 2, 4, 2, 8, 7, 0, 6, 9, 7, 2, 5, 5, 9, 8, 2],
       device='cuda:0')
tensor([7, 5, 3, 9, 4, 1, 4, 2, 0, 7, 0, 3, 9, 2, 2, 5, 5, 1, 8, 6],
       device='cuda:0')
epoch 9, val acc 0.677, val_loss 1.1208068866729737
Sample some true labeles and predicted labels
tensor([8, 1, 1, 3, 2, 9, 7, 6, 1, 0, 1, 1, 7, 4, 4, 9, 7, 3, 6, 8],
       device='cuda:0')
tensor([8, 1, 3, 3, 2, 2, 4, 2, 3, 7, 1, 1, 7, 8, 6, 9, 7, 3, 9, 8],
       device='cuda:0')
epoch 9, test acc 0.5981598159815982,test loss 1.4341886477752237
Epoch:  9
Best acc:
0.677
Test acc:
[0.14451445144514452, 0.47124712471247127, 0.5569556955695569, 0.5626562656265627, 0.577057705770577, 0.5712571257125713, 0.5725572557255726, 0.5981598159815982]
epoch 10, step 0, loss 1.1763664484024048, Lx 1.0348424911499023, Lu 0.23672699928283691, Lu2 0.7776975631713867
Sample some true labeles and predicted labels
tensor([2, 5, 2, 5, 4, 2, 4, 2, 8, 7, 0, 6, 9, 7, 2, 5, 5, 9, 8, 2],
       device='cuda:0')
tensor([7, 5, 3, 9, 4, 1, 4, 2, 0, 7, 0, 3, 9, 2, 2, 5, 5, 1, 8, 6],
       device='cuda:0')
epoch 10, val acc 0.669, val_loss 1.1462385721206665
Epoch:  10
Best acc:
0.677
Test acc:
[0.14451445144514452, 0.47124712471247127, 0.5569556955695569, 0.5626562656265627, 0.577057705770577, 0.5712571257125713, 0.5725572557255726, 0.5981598159815982]
epoch 11, step 0, loss 0.975057065486908, Lx 0.69480299949646, Lu 0.42001664638519287, Lu2 0.4805295467376709
Sample some true labeles and predicted labels
tensor([2, 5, 2, 9, 4, 2, 4, 2, 8, 7, 1, 1, 9, 7, 2, 5, 5, 9, 8, 2],
       device='cuda:0')
tensor([7, 5, 3, 9, 4, 1, 4, 2, 0, 7, 0, 3, 9, 2, 2, 5, 5, 1, 8, 6],
       device='cuda:0')
epoch 11, val acc 0.663, val_loss 1.1757546291351317
Epoch:  11
Best acc:
0.677
Test acc:
[0.14451445144514452, 0.47124712471247127, 0.5569556955695569, 0.5626562656265627, 0.577057705770577, 0.5712571257125713, 0.5725572557255726, 0.5981598159815982]
epoch 12, step 0, loss 1.4988771677017212, Lx 0.9527349472045898, Lu 0.7735022902488708, Lu2 0.6141007542610168
Sample some true labeles and predicted labels
tensor([7, 5, 2, 5, 4, 2, 4, 2, 8, 7, 0, 6, 9, 7, 2, 5, 5, 9, 8, 2],
       device='cuda:0')
tensor([7, 5, 3, 9, 4, 1, 4, 2, 0, 7, 0, 3, 9, 2, 2, 5, 5, 1, 8, 6],
       device='cuda:0')
epoch 12, val acc 0.668, val_loss 1.1294324035644532
Epoch:  12
Best acc:
0.677
Test acc:
[0.14451445144514452, 0.47124712471247127, 0.5569556955695569, 0.5626562656265627, 0.577057705770577, 0.5712571257125713, 0.5725572557255726, 0.5981598159815982]
epoch 13, step 0, loss 1.4832048416137695, Lx 1.032132625579834, Lu 0.6322885155677795, Lu2 0.599162757396698
Sample some true labeles and predicted labels
tensor([7, 5, 2, 5, 4, 1, 4, 2, 8, 7, 0, 6, 9, 7, 2, 5, 5, 9, 8, 2],
       device='cuda:0')
tensor([7, 5, 3, 9, 4, 1, 4, 2, 0, 7, 0, 3, 9, 2, 2, 5, 5, 1, 8, 6],
       device='cuda:0')
epoch 13, val acc 0.6765, val_loss 1.1450201044082642
Epoch:  13
Best acc:
0.677
Test acc:
[0.14451445144514452, 0.47124712471247127, 0.5569556955695569, 0.5626562656265627, 0.577057705770577, 0.5712571257125713, 0.5725572557255726, 0.5981598159815982]
epoch 14, step 0, loss 0.5311345458030701, Lx 0.41807079315185547, Lu 0.12068604677915573, Lu2 0.20856860280036926
Sample some true labeles and predicted labels
tensor([2, 5, 2, 9, 4, 1, 4, 2, 8, 7, 0, 6, 9, 7, 2, 5, 5, 9, 8, 2],
       device='cuda:0')
tensor([7, 5, 3, 9, 4, 1, 4, 2, 0, 7, 0, 3, 9, 2, 2, 5, 5, 1, 8, 6],
       device='cuda:0')
epoch 14, val acc 0.6805, val_loss 1.1296140327453614
Sample some true labeles and predicted labels
tensor([8, 1, 1, 3, 2, 8, 4, 2, 1, 7, 1, 1, 7, 6, 4, 9, 7, 3, 1, 8],
       device='cuda:0')
tensor([8, 1, 3, 3, 2, 2, 4, 2, 3, 7, 1, 1, 7, 8, 6, 9, 7, 3, 9, 8],
       device='cuda:0')
epoch 14, test acc 0.6033603360336034,test loss 1.4913174821705995
Epoch:  14
Best acc:
0.6805
Test acc:
[0.14451445144514452, 0.47124712471247127, 0.5569556955695569, 0.5626562656265627, 0.577057705770577, 0.5712571257125713, 0.5725572557255726, 0.5981598159815982, 0.6033603360336034]
epoch 15, step 0, loss 1.4533988237380981, Lx 1.0766676664352417, Lu 0.12916192412376404, Lu2 0.3697021007537842
Sample some true labeles and predicted labels
tensor([2, 5, 2, 9, 4, 1, 4, 2, 8, 7, 0, 6, 9, 7, 2, 5, 5, 9, 8, 2],
       device='cuda:0')
tensor([7, 5, 3, 9, 4, 1, 4, 2, 0, 7, 0, 3, 9, 2, 2, 5, 5, 1, 8, 6],
       device='cuda:0')
epoch 15, val acc 0.6815, val_loss 1.148644992828369
Sample some true labeles and predicted labels
tensor([8, 1, 7, 3, 2, 9, 4, 2, 1, 7, 1, 1, 7, 4, 4, 9, 7, 3, 1, 8],
       device='cuda:0')
tensor([8, 1, 3, 3, 2, 2, 4, 2, 3, 7, 1, 1, 7, 8, 6, 9, 7, 3, 9, 8],
       device='cuda:0')
epoch 15, test acc 0.5964596459645964,test loss 1.525209527454897
Epoch:  15
Best acc:
0.6815
Test acc:
[0.14451445144514452, 0.47124712471247127, 0.5569556955695569, 0.5626562656265627, 0.577057705770577, 0.5712571257125713, 0.5725572557255726, 0.5981598159815982, 0.6033603360336034, 0.5964596459645964]
epoch 16, step 0, loss 0.8826872110366821, Lx 0.42799869179725647, Lu 0.4043901562690735, Lu2 0.10056714713573456
Sample some true labeles and predicted labels
tensor([2, 5, 2, 5, 4, 1, 4, 2, 8, 7, 0, 6, 9, 7, 2, 5, 5, 9, 8, 2],
       device='cuda:0')
tensor([7, 5, 3, 9, 4, 1, 4, 2, 0, 7, 0, 3, 9, 2, 2, 5, 5, 1, 8, 6],
       device='cuda:0')
epoch 16, val acc 0.672, val_loss 1.2007354831695556
Epoch:  16
Best acc:
0.6815
Test acc:
[0.14451445144514452, 0.47124712471247127, 0.5569556955695569, 0.5626562656265627, 0.577057705770577, 0.5712571257125713, 0.5725572557255726, 0.5981598159815982, 0.6033603360336034, 0.5964596459645964]
epoch 17, step 0, loss 2.1447882652282715, Lx 1.6281921863555908, Lu 0.4786541163921356, Lu2 0.5197911262512207
